mode: atomic
github.com/makeos/mosdef/repo/reactor.go:23.70,24.14 1 0
github.com/makeos/mosdef/repo/reactor.go:25.30,26.54 1 0
github.com/makeos/mosdef/repo/reactor.go:29.28,30.52 1 0
github.com/makeos/mosdef/repo/reactor.go:26.54,28.4 1 0
github.com/makeos/mosdef/repo/reactor.go:30.52,32.4 1 0
github.com/makeos/mosdef/repo/reactor.go:37.68,40.29 1 3
github.com/makeos/mosdef/repo/reactor.go:45.2,46.58 2 3
github.com/makeos/mosdef/repo/reactor.go:50.2,58.23 5 2
github.com/makeos/mosdef/repo/reactor.go:63.2,64.16 2 1
github.com/makeos/mosdef/repo/reactor.go:69.2,87.59 4 0
github.com/makeos/mosdef/repo/reactor.go:102.2,103.16 2 0
github.com/makeos/mosdef/repo/reactor.go:108.2,114.16 5 0
github.com/makeos/mosdef/repo/reactor.go:119.2,120.16 2 0
github.com/makeos/mosdef/repo/reactor.go:123.2,127.16 3 0
github.com/makeos/mosdef/repo/reactor.go:132.2,133.63 2 0
github.com/makeos/mosdef/repo/reactor.go:138.2,138.68 1 0
github.com/makeos/mosdef/repo/reactor.go:142.2,142.35 1 0
github.com/makeos/mosdef/repo/reactor.go:149.2,149.55 1 0
github.com/makeos/mosdef/repo/reactor.go:154.2,154.50 1 0
github.com/makeos/mosdef/repo/reactor.go:164.2,164.51 1 0
github.com/makeos/mosdef/repo/reactor.go:168.2,170.12 2 0
github.com/makeos/mosdef/repo/reactor.go:40.29,42.3 1 0
github.com/makeos/mosdef/repo/reactor.go:46.58,48.3 1 1
github.com/makeos/mosdef/repo/reactor.go:58.23,60.3 1 1
github.com/makeos/mosdef/repo/reactor.go:64.16,66.3 1 1
github.com/makeos/mosdef/repo/reactor.go:87.59,89.3 1 0
github.com/makeos/mosdef/repo/reactor.go:103.16,105.3 1 0
github.com/makeos/mosdef/repo/reactor.go:114.16,116.3 1 0
github.com/makeos/mosdef/repo/reactor.go:120.16,122.3 1 0
github.com/makeos/mosdef/repo/reactor.go:127.16,129.3 1 0
github.com/makeos/mosdef/repo/reactor.go:133.63,135.3 1 0
github.com/makeos/mosdef/repo/reactor.go:138.68,140.3 1 0
github.com/makeos/mosdef/repo/reactor.go:142.35,144.3 1 0
github.com/makeos/mosdef/repo/reactor.go:149.55,151.3 1 0
github.com/makeos/mosdef/repo/reactor.go:154.50,158.65 4 0
github.com/makeos/mosdef/repo/reactor.go:158.65,160.12 2 0
github.com/makeos/mosdef/repo/reactor.go:164.51,166.3 1 0
github.com/makeos/mosdef/repo/reactor.go:174.66,177.29 1 2
github.com/makeos/mosdef/repo/reactor.go:182.2,183.59 2 2
github.com/makeos/mosdef/repo/reactor.go:187.2,193.16 4 1
github.com/makeos/mosdef/repo/reactor.go:196.2,197.23 2 1
github.com/makeos/mosdef/repo/reactor.go:205.2,208.68 2 0
github.com/makeos/mosdef/repo/reactor.go:213.2,215.12 2 0
github.com/makeos/mosdef/repo/reactor.go:177.29,179.3 1 0
github.com/makeos/mosdef/repo/reactor.go:183.59,185.3 1 1
github.com/makeos/mosdef/repo/reactor.go:193.16,195.3 1 0
github.com/makeos/mosdef/repo/reactor.go:197.23,198.17 1 1
github.com/makeos/mosdef/repo/reactor.go:201.3,201.67 1 1
github.com/makeos/mosdef/repo/reactor.go:198.17,200.4 1 1
github.com/makeos/mosdef/repo/reactor.go:208.68,210.3 1 0
github.com/makeos/mosdef/repo/reactor.go:220.75,227.16 3 0
github.com/makeos/mosdef/repo/reactor.go:232.2,232.64 1 0
github.com/makeos/mosdef/repo/reactor.go:237.2,238.16 2 0
github.com/makeos/mosdef/repo/reactor.go:241.2,248.68 3 0
github.com/makeos/mosdef/repo/reactor.go:252.2,252.12 1 0
github.com/makeos/mosdef/repo/reactor.go:227.16,229.3 1 0
github.com/makeos/mosdef/repo/reactor.go:232.64,234.3 1 0
github.com/makeos/mosdef/repo/reactor.go:238.16,240.3 1 0
github.com/makeos/mosdef/repo/reactor.go:248.68,250.3 1 0
github.com/makeos/mosdef/repo/reactor.go:256.84,263.16 5 0
github.com/makeos/mosdef/repo/reactor.go:268.2,268.59 1 0
github.com/makeos/mosdef/repo/reactor.go:279.2,281.17 2 0
github.com/makeos/mosdef/repo/reactor.go:263.16,265.3 1 0
github.com/makeos/mosdef/repo/reactor.go:268.59,271.17 3 0
github.com/makeos/mosdef/repo/reactor.go:275.3,275.59 1 0
github.com/makeos/mosdef/repo/reactor.go:271.17,274.4 1 0
github.com/makeos/mosdef/repo/reactor.go:286.66,287.47 1 0
github.com/makeos/mosdef/repo/reactor.go:287.47,289.57 2 0
github.com/makeos/mosdef/repo/reactor.go:292.3,292.44 1 0
github.com/makeos/mosdef/repo/reactor.go:289.57,290.12 1 0
github.com/makeos/mosdef/repo/reactor.go:292.44,294.4 1 0
github.com/makeos/mosdef/repo/reactor.go:299.60,300.47 1 0
github.com/makeos/mosdef/repo/reactor.go:300.47,302.55 2 0
github.com/makeos/mosdef/repo/reactor.go:305.3,305.42 1 0
github.com/makeos/mosdef/repo/reactor.go:302.55,303.12 1 0
github.com/makeos/mosdef/repo/reactor.go:305.42,307.4 1 0
github.com/makeos/mosdef/repo/reactor.go:312.53,313.47 1 0
github.com/makeos/mosdef/repo/reactor.go:313.47,315.3 1 0
github.com/makeos/mosdef/repo/reactor.go:319.58,324.2 1 0
github.com/makeos/mosdef/repo/reactor.go:329.62,333.24 2 4
github.com/makeos/mosdef/repo/reactor.go:338.2,339.48 2 3
github.com/makeos/mosdef/repo/reactor.go:344.2,345.17 2 2
github.com/makeos/mosdef/repo/reactor.go:349.2,350.32 2 1
github.com/makeos/mosdef/repo/reactor.go:354.2,360.49 4 1
github.com/makeos/mosdef/repo/reactor.go:367.2,367.51 1 1
github.com/makeos/mosdef/repo/reactor.go:371.2,373.12 2 0
github.com/makeos/mosdef/repo/reactor.go:333.24,335.3 1 1
github.com/makeos/mosdef/repo/reactor.go:339.48,341.3 1 1
github.com/makeos/mosdef/repo/reactor.go:345.17,347.3 1 1
github.com/makeos/mosdef/repo/reactor.go:350.32,352.3 1 1
github.com/makeos/mosdef/repo/reactor.go:360.49,364.3 3 0
github.com/makeos/mosdef/repo/reactor.go:367.51,369.3 1 1
github.com/makeos/mosdef/repo/reactor.go:378.55,384.16 3 0
github.com/makeos/mosdef/repo/reactor.go:389.2,390.16 2 0
github.com/makeos/mosdef/repo/reactor.go:395.2,401.16 5 0
github.com/makeos/mosdef/repo/reactor.go:404.2,408.16 3 0
github.com/makeos/mosdef/repo/reactor.go:411.2,415.16 3 0
github.com/makeos/mosdef/repo/reactor.go:419.2,421.35 2 0
github.com/makeos/mosdef/repo/reactor.go:425.2,428.12 2 0
github.com/makeos/mosdef/repo/reactor.go:384.16,386.3 1 0
github.com/makeos/mosdef/repo/reactor.go:390.16,392.3 1 0
github.com/makeos/mosdef/repo/reactor.go:401.16,403.3 1 0
github.com/makeos/mosdef/repo/reactor.go:408.16,410.3 1 0
github.com/makeos/mosdef/repo/reactor.go:415.16,417.3 1 0
github.com/makeos/mosdef/repo/reactor.go:421.35,423.3 1 0
github.com/makeos/mosdef/repo/reactor.go:433.64,437.30 1 0
github.com/makeos/mosdef/repo/reactor.go:445.2,447.16 2 0
github.com/makeos/mosdef/repo/reactor.go:452.2,452.35 1 0
github.com/makeos/mosdef/repo/reactor.go:457.2,457.12 1 0
github.com/makeos/mosdef/repo/reactor.go:437.30,438.43 1 0
github.com/makeos/mosdef/repo/reactor.go:438.43,441.4 2 0
github.com/makeos/mosdef/repo/reactor.go:447.16,450.3 2 0
github.com/makeos/mosdef/repo/reactor.go:452.35,455.3 1 0
github.com/makeos/mosdef/repo/reactor.go:461.54,463.2 1 0
github.com/makeos/mosdef/repo/reactor.go:466.62,470.16 3 7
github.com/makeos/mosdef/repo/reactor.go:475.2,476.27 2 6
github.com/makeos/mosdef/repo/reactor.go:481.2,481.62 1 6
github.com/makeos/mosdef/repo/reactor.go:518.2,518.50 1 4
github.com/makeos/mosdef/repo/reactor.go:524.2,524.56 1 3
github.com/makeos/mosdef/repo/reactor.go:537.2,537.12 1 3
github.com/makeos/mosdef/repo/reactor.go:470.16,472.3 1 1
github.com/makeos/mosdef/repo/reactor.go:476.27,477.14 1 0
github.com/makeos/mosdef/repo/reactor.go:481.62,482.32 1 6
github.com/makeos/mosdef/repo/reactor.go:487.3,494.17 5 4
github.com/makeos/mosdef/repo/reactor.go:500.3,500.66 1 3
github.com/makeos/mosdef/repo/reactor.go:507.3,507.65 1 2
github.com/makeos/mosdef/repo/reactor.go:512.3,513.25 1 0
github.com/makeos/mosdef/repo/reactor.go:482.32,483.12 1 2
github.com/makeos/mosdef/repo/reactor.go:494.17,497.4 2 1
github.com/makeos/mosdef/repo/reactor.go:500.66,504.4 2 1
github.com/makeos/mosdef/repo/reactor.go:507.65,509.12 2 2
github.com/makeos/mosdef/repo/reactor.go:518.50,520.3 1 1
github.com/makeos/mosdef/repo/reactor.go:524.56,525.17 1 3
github.com/makeos/mosdef/repo/reactor.go:525.17,526.30 1 1
github.com/makeos/mosdef/repo/reactor.go:531.4,531.69 1 1
github.com/makeos/mosdef/repo/reactor.go:526.30,527.51 1 1
github.com/makeos/mosdef/repo/reactor.go:527.51,529.6 1 0
github.com/makeos/mosdef/repo/reactor.go:531.69,533.5 1 0
github.com/makeos/mosdef/repo/repo_sync.go:38.30,49.2 1 75
github.com/makeos/mosdef/repo/repo_sync.go:52.27,55.21 3 0
github.com/makeos/mosdef/repo/repo_sync.go:70.2,70.8 1 0
github.com/makeos/mosdef/repo/repo_sync.go:55.21,57.17 2 0
github.com/makeos/mosdef/repo/repo_sync.go:61.3,64.17 3 0
github.com/makeos/mosdef/repo/repo_sync.go:68.3,68.25 1 0
github.com/makeos/mosdef/repo/repo_sync.go:57.17,58.14 1 0
github.com/makeos/mosdef/repo/repo_sync.go:64.17,66.4 1 0
github.com/makeos/mosdef/repo/repo_sync.go:73.46,77.2 3 8
github.com/makeos/mosdef/repo/repo_sync.go:81.35,84.16 2 0
github.com/makeos/mosdef/repo/repo_sync.go:87.2,87.66 1 0
github.com/makeos/mosdef/repo/repo_sync.go:84.16,85.13 1 0
github.com/makeos/mosdef/repo/repo_sync.go:90.33,95.6 3 4
github.com/makeos/mosdef/repo/repo_sync.go:133.2,133.51 1 3
github.com/makeos/mosdef/repo/repo_sync.go:140.2,140.12 1 3
github.com/makeos/mosdef/repo/repo_sync.go:95.6,99.19 2 7
github.com/makeos/mosdef/repo/repo_sync.go:104.3,110.34 4 4
github.com/makeos/mosdef/repo/repo_sync.go:127.3,127.20 1 3
github.com/makeos/mosdef/repo/repo_sync.go:99.19,100.9 1 3
github.com/makeos/mosdef/repo/repo_sync.go:110.34,112.18 2 4
github.com/makeos/mosdef/repo/repo_sync.go:116.4,116.32 1 3
github.com/makeos/mosdef/repo/repo_sync.go:120.4,120.55 1 0
github.com/makeos/mosdef/repo/repo_sync.go:124.4,124.15 1 0
github.com/makeos/mosdef/repo/repo_sync.go:112.18,114.5 1 1
github.com/makeos/mosdef/repo/repo_sync.go:116.32,117.13 1 3
github.com/makeos/mosdef/repo/repo_sync.go:120.55,122.5 1 0
github.com/makeos/mosdef/repo/repo_sync.go:127.20,130.4 1 0
github.com/makeos/mosdef/repo/repo_sync.go:133.51,135.58 1 1
github.com/makeos/mosdef/repo/repo_sync.go:135.58,137.4 1 0
github.com/makeos/mosdef/repo/repo_sync.go:143.50,147.16 3 6
github.com/makeos/mosdef/repo/repo_sync.go:152.2,152.23 1 5
github.com/makeos/mosdef/repo/repo_sync.go:157.2,157.62 1 5
github.com/makeos/mosdef/repo/repo_sync.go:194.2,194.63 1 3
github.com/makeos/mosdef/repo/repo_sync.go:200.2,200.56 1 2
github.com/makeos/mosdef/repo/repo_sync.go:213.2,213.12 1 2
github.com/makeos/mosdef/repo/repo_sync.go:147.16,149.3 1 1
github.com/makeos/mosdef/repo/repo_sync.go:152.23,153.14 1 0
github.com/makeos/mosdef/repo/repo_sync.go:157.62,158.32 1 5
github.com/makeos/mosdef/repo/repo_sync.go:163.3,170.17 5 3
github.com/makeos/mosdef/repo/repo_sync.go:176.3,176.66 1 2
github.com/makeos/mosdef/repo/repo_sync.go:183.3,183.60 1 1
github.com/makeos/mosdef/repo/repo_sync.go:188.3,189.25 1 0
github.com/makeos/mosdef/repo/repo_sync.go:158.32,159.12 1 2
github.com/makeos/mosdef/repo/repo_sync.go:170.17,173.4 2 1
github.com/makeos/mosdef/repo/repo_sync.go:176.66,180.4 2 1
github.com/makeos/mosdef/repo/repo_sync.go:183.60,185.12 2 1
github.com/makeos/mosdef/repo/repo_sync.go:194.63,196.3 1 1
github.com/makeos/mosdef/repo/repo_sync.go:200.56,201.17 1 2
github.com/makeos/mosdef/repo/repo_sync.go:201.17,202.26 1 0
github.com/makeos/mosdef/repo/repo_sync.go:207.4,207.69 1 0
github.com/makeos/mosdef/repo/repo_sync.go:202.26,203.51 1 0
github.com/makeos/mosdef/repo/repo_sync.go:203.51,205.6 1 0
github.com/makeos/mosdef/repo/repo_sync.go:207.69,209.5 1 0
github.com/makeos/mosdef/repo/repo_sync.go:217.34,222.2 4 0
github.com/makeos/mosdef/repo/repo_sync.go:225.26,226.19 1 0
github.com/makeos/mosdef/repo/repo_sync.go:226.19,228.3 1 0
github.com/makeos/mosdef/repo/gitops.go:30.49,32.2 1 161
github.com/makeos/mosdef/repo/gitops.go:35.50,37.16 2 7
github.com/makeos/mosdef/repo/gitops.go:40.2,40.12 1 7
github.com/makeos/mosdef/repo/gitops.go:37.16,39.3 1 0
github.com/makeos/mosdef/repo/gitops.go:44.62,46.16 2 10
github.com/makeos/mosdef/repo/gitops.go:49.2,49.12 1 7
github.com/makeos/mosdef/repo/gitops.go:46.16,48.3 1 3
github.com/makeos/mosdef/repo/gitops.go:53.50,55.16 2 2
github.com/makeos/mosdef/repo/gitops.go:58.2,58.12 1 1
github.com/makeos/mosdef/repo/gitops.go:55.16,57.3 1 1
github.com/makeos/mosdef/repo/gitops.go:63.57,65.16 2 3
github.com/makeos/mosdef/repo/gitops.go:71.2,71.44 1 2
github.com/makeos/mosdef/repo/gitops.go:65.16,66.71 1 1
github.com/makeos/mosdef/repo/gitops.go:69.3,69.56 1 0
github.com/makeos/mosdef/repo/gitops.go:66.71,68.4 1 1
github.com/makeos/mosdef/repo/gitops.go:76.52,80.16 2 8
github.com/makeos/mosdef/repo/gitops.go:84.2,85.16 2 8
github.com/makeos/mosdef/repo/gitops.go:89.2,89.21 1 8
github.com/makeos/mosdef/repo/gitops.go:93.2,94.16 2 7
github.com/makeos/mosdef/repo/gitops.go:98.2,98.44 1 7
github.com/makeos/mosdef/repo/gitops.go:80.16,82.3 1 0
github.com/makeos/mosdef/repo/gitops.go:85.16,87.3 1 0
github.com/makeos/mosdef/repo/gitops.go:89.21,91.3 1 1
github.com/makeos/mosdef/repo/gitops.go:94.16,96.3 1 0
github.com/makeos/mosdef/repo/gitops.go:103.54,106.11 2 10
github.com/makeos/mosdef/repo/gitops.go:110.2,111.16 2 10
github.com/makeos/mosdef/repo/gitops.go:115.2,115.44 1 10
github.com/makeos/mosdef/repo/gitops.go:106.11,108.3 1 9
github.com/makeos/mosdef/repo/gitops.go:111.16,113.3 1 0
github.com/makeos/mosdef/repo/gitops.go:119.57,122.16 2 10
github.com/makeos/mosdef/repo/gitops.go:128.2,129.30 2 8
github.com/makeos/mosdef/repo/gitops.go:122.16,123.56 1 2
github.com/makeos/mosdef/repo/gitops.go:126.3,126.59 1 0
github.com/makeos/mosdef/repo/gitops.go:123.56,125.4 1 2
github.com/makeos/mosdef/repo/gitops.go:133.48,135.16 2 2
github.com/makeos/mosdef/repo/gitops.go:138.2,138.39 1 1
github.com/makeos/mosdef/repo/gitops.go:135.16,137.3 1 1
github.com/makeos/mosdef/repo/gitops.go:145.82,147.22 2 2
github.com/makeos/mosdef/repo/gitops.go:150.2,156.51 7 2
github.com/makeos/mosdef/repo/gitops.go:147.22,149.3 1 1
github.com/makeos/mosdef/repo/gitops.go:164.95,165.22 1 2
github.com/makeos/mosdef/repo/gitops.go:168.2,175.55 8 2
github.com/makeos/mosdef/repo/gitops.go:165.22,167.3 1 1
github.com/makeos/mosdef/repo/gitops.go:179.109,181.15 2 13
github.com/makeos/mosdef/repo/gitops.go:185.2,192.16 8 13
github.com/makeos/mosdef/repo/gitops.go:197.2,199.30 3 12
github.com/makeos/mosdef/repo/gitops.go:204.2,204.21 1 12
github.com/makeos/mosdef/repo/gitops.go:181.15,183.3 1 5
github.com/makeos/mosdef/repo/gitops.go:192.16,195.3 2 1
github.com/makeos/mosdef/repo/gitops.go:199.30,202.3 2 21
github.com/makeos/mosdef/repo/gitops.go:208.116,210.15 2 40
github.com/makeos/mosdef/repo/gitops.go:213.2,213.28 1 40
github.com/makeos/mosdef/repo/gitops.go:217.2,224.16 8 40
github.com/makeos/mosdef/repo/gitops.go:229.2,231.30 3 40
github.com/makeos/mosdef/repo/gitops.go:236.2,236.25 1 40
github.com/makeos/mosdef/repo/gitops.go:210.15,212.3 1 40
github.com/makeos/mosdef/repo/gitops.go:213.28,215.3 1 39
github.com/makeos/mosdef/repo/gitops.go:224.16,227.3 2 0
github.com/makeos/mosdef/repo/gitops.go:231.30,234.3 2 44
github.com/makeos/mosdef/repo/gitops.go:240.88,248.2 7 1
github.com/makeos/mosdef/repo/gitops.go:251.89,259.2 7 1
github.com/makeos/mosdef/repo/gitops.go:262.61,269.34 7 1
github.com/makeos/mosdef/repo/gitops.go:273.2,273.45 1 1
github.com/makeos/mosdef/repo/gitops.go:269.34,272.3 2 0
github.com/makeos/mosdef/repo/push_reader.go:30.52,31.23 1 12
github.com/makeos/mosdef/repo/push_reader.go:34.2,34.8 1 12
github.com/makeos/mosdef/repo/push_reader.go:31.23,33.3 1 15
github.com/makeos/mosdef/repo/push_reader.go:61.19,64.2 2 27
github.com/makeos/mosdef/repo/push_reader.go:67.36,70.2 2 27
github.com/makeos/mosdef/repo/push_reader.go:72.58,72.72 1 7
github.com/makeos/mosdef/repo/push_reader.go:73.58,73.72 1 7
github.com/makeos/mosdef/repo/push_reader.go:77.82,79.16 2 8
github.com/makeos/mosdef/repo/push_reader.go:83.2,90.8 1 8
github.com/makeos/mosdef/repo/push_reader.go:79.16,81.3 1 0
github.com/makeos/mosdef/repo/push_reader.go:94.51,96.2 1 8
github.com/makeos/mosdef/repo/push_reader.go:99.54,101.16 2 0
github.com/makeos/mosdef/repo/push_reader.go:104.2,104.20 1 0
github.com/makeos/mosdef/repo/push_reader.go:101.16,103.3 1 0
github.com/makeos/mosdef/repo/push_reader.go:109.35,116.45 4 8
github.com/makeos/mosdef/repo/push_reader.go:120.2,125.31 4 7
github.com/makeos/mosdef/repo/push_reader.go:128.2,134.16 5 7
github.com/makeos/mosdef/repo/push_reader.go:138.2,138.17 1 7
github.com/makeos/mosdef/repo/push_reader.go:116.45,118.3 1 1
github.com/makeos/mosdef/repo/push_reader.go:125.31,127.3 1 0
github.com/makeos/mosdef/repo/push_reader.go:134.16,136.3 1 0
github.com/makeos/mosdef/repo/push_reader.go:142.92,145.16 3 7
github.com/makeos/mosdef/repo/push_reader.go:148.2,148.50 1 7
github.com/makeos/mosdef/repo/push_reader.go:151.2,151.33 1 7
github.com/makeos/mosdef/repo/push_reader.go:145.16,147.3 1 0
github.com/makeos/mosdef/repo/push_reader.go:148.50,150.3 1 0
github.com/makeos/mosdef/repo/push_reader.go:155.108,156.34 1 7
github.com/makeos/mosdef/repo/push_reader.go:164.2,164.8 1 7
github.com/makeos/mosdef/repo/push_reader.go:156.34,163.3 2 8
github.com/makeos/mosdef/repo/push_reader.go:169.41,172.53 2 7
github.com/makeos/mosdef/repo/push_reader.go:176.2,176.42 1 7
github.com/makeos/mosdef/repo/push_reader.go:180.2,180.37 1 7
github.com/makeos/mosdef/repo/push_reader.go:185.2,188.16 3 7
github.com/makeos/mosdef/repo/push_reader.go:192.2,194.8 2 7
github.com/makeos/mosdef/repo/push_reader.go:172.53,174.3 1 0
github.com/makeos/mosdef/repo/push_reader.go:176.42,178.3 1 0
github.com/makeos/mosdef/repo/push_reader.go:180.37,182.3 1 0
github.com/makeos/mosdef/repo/push_reader.go:188.16,190.3 1 0
github.com/makeos/mosdef/repo/push_reader.go:201.58,203.9 2 2
github.com/makeos/mosdef/repo/push_reader.go:206.2,207.25 2 1
github.com/makeos/mosdef/repo/push_reader.go:212.2,213.12 2 1
github.com/makeos/mosdef/repo/push_reader.go:203.9,205.3 1 1
github.com/makeos/mosdef/repo/push_reader.go:207.25,208.15 1 2
github.com/makeos/mosdef/repo/push_reader.go:208.15,210.4 1 1
github.com/makeos/mosdef/repo/push_reader.go:217.62,218.28 1 1
github.com/makeos/mosdef/repo/push_reader.go:223.2,223.8 1 1
github.com/makeos/mosdef/repo/push_reader.go:218.28,219.37 1 3
github.com/makeos/mosdef/repo/push_reader.go:219.37,221.4 1 2
github.com/makeos/mosdef/repo/push_reader.go:228.59,231.25 2 7
github.com/makeos/mosdef/repo/push_reader.go:235.2,235.43 1 7
github.com/makeos/mosdef/repo/push_reader.go:285.2,285.22 1 7
github.com/makeos/mosdef/repo/push_reader.go:231.25,233.3 1 0
github.com/makeos/mosdef/repo/push_reader.go:235.43,240.17 4 8
github.com/makeos/mosdef/repo/push_reader.go:244.3,245.17 2 8
github.com/makeos/mosdef/repo/push_reader.go:249.3,251.39 2 8
github.com/makeos/mosdef/repo/push_reader.go:258.3,258.36 1 8
github.com/makeos/mosdef/repo/push_reader.go:270.3,270.33 1 8
github.com/makeos/mosdef/repo/push_reader.go:240.17,242.4 1 0
github.com/makeos/mosdef/repo/push_reader.go:245.17,247.4 1 0
github.com/makeos/mosdef/repo/push_reader.go:251.39,253.18 2 8
github.com/makeos/mosdef/repo/push_reader.go:253.18,255.5 1 0
github.com/makeos/mosdef/repo/push_reader.go:258.36,260.18 2 0
github.com/makeos/mosdef/repo/push_reader.go:263.4,264.18 2 0
github.com/makeos/mosdef/repo/push_reader.go:267.4,267.62 1 0
github.com/makeos/mosdef/repo/push_reader.go:260.18,262.5 1 0
github.com/makeos/mosdef/repo/push_reader.go:264.18,266.5 1 0
github.com/makeos/mosdef/repo/push_reader.go:270.33,271.55 1 36
github.com/makeos/mosdef/repo/push_reader.go:271.55,273.12 2 33
github.com/makeos/mosdef/repo/push_reader.go:276.5,276.43 1 33
github.com/makeos/mosdef/repo/push_reader.go:279.5,279.42 1 33
github.com/makeos/mosdef/repo/push_reader.go:273.12,275.6 1 24
github.com/makeos/mosdef/repo/push_reader.go:276.43,278.6 1 27
github.com/makeos/mosdef/repo/repo.go:46.79,49.89 3 3
github.com/makeos/mosdef/repo/repo.go:53.2,54.37 2 3
github.com/makeos/mosdef/repo/repo.go:58.2,58.26 1 3
github.com/makeos/mosdef/repo/repo.go:49.89,51.3 1 0
github.com/makeos/mosdef/repo/repo.go:54.37,56.3 1 0
github.com/makeos/mosdef/repo/repo.go:58.26,62.3 3 3
github.com/makeos/mosdef/repo/repo.go:65.50,69.2 3 1
github.com/makeos/mosdef/repo/repo.go:73.66,76.16 2 1
github.com/makeos/mosdef/repo/repo.go:79.2,81.36 2 1
github.com/makeos/mosdef/repo/repo.go:85.2,86.16 2 1
github.com/makeos/mosdef/repo/repo.go:90.2,90.24 1 1
github.com/makeos/mosdef/repo/repo.go:76.16,78.3 1 0
github.com/makeos/mosdef/repo/repo.go:81.36,83.3 1 0
github.com/makeos/mosdef/repo/repo.go:86.16,88.3 1 0
github.com/makeos/mosdef/repo/repo.go:94.59,96.36 2 0
github.com/makeos/mosdef/repo/repo.go:99.2,101.44 2 0
github.com/makeos/mosdef/repo/repo.go:96.36,98.3 1 0
github.com/makeos/mosdef/repo/repo.go:105.42,107.2 1 0
github.com/makeos/mosdef/repo/repo.go:110.30,112.2 1 3
github.com/makeos/mosdef/repo/repo.go:115.37,117.2 1 2
github.com/makeos/mosdef/repo/repo.go:120.59,122.2 1 97
github.com/makeos/mosdef/repo/repo.go:125.48,127.2 1 5
github.com/makeos/mosdef/repo/repo.go:130.60,132.2 1 7
github.com/makeos/mosdef/repo/repo.go:135.55,137.2 1 0
github.com/makeos/mosdef/repo/repo.go:140.48,142.2 1 0
github.com/makeos/mosdef/repo/repo.go:146.9,148.2 1 8
github.com/makeos/mosdef/repo/repo.go:151.55,153.2 1 3
github.com/makeos/mosdef/repo/repo.go:156.99,158.2 1 11
github.com/makeos/mosdef/repo/repo.go:161.86,163.2 1 23
github.com/makeos/mosdef/repo/repo.go:166.54,168.2 1 1
github.com/makeos/mosdef/repo/repo.go:171.59,173.2 1 6
github.com/makeos/mosdef/repo/repo.go:176.70,178.2 1 41
github.com/makeos/mosdef/repo/repo.go:181.66,183.2 1 13
github.com/makeos/mosdef/repo/repo.go:186.64,188.2 1 15
github.com/makeos/mosdef/repo/repo.go:191.62,193.2 1 18
github.com/makeos/mosdef/repo/repo.go:196.49,198.2 1 0
github.com/makeos/mosdef/repo/repo.go:201.46,203.2 1 0
github.com/makeos/mosdef/repo/repo.go:207.50,209.2 1 6
github.com/makeos/mosdef/repo/repo.go:215.80,217.2 1 0
github.com/makeos/mosdef/repo/repo.go:224.93,226.2 1 0
github.com/makeos/mosdef/repo/repo.go:229.86,231.2 1 0
github.com/makeos/mosdef/repo/repo.go:234.59,236.2 1 0
github.com/makeos/mosdef/repo/repo.go:239.87,241.2 1 0
github.com/makeos/mosdef/repo/repo.go:245.35,247.2 1 39
github.com/makeos/mosdef/repo/repo.go:250.33,252.2 1 2
github.com/makeos/mosdef/repo/repo.go:255.49,258.2 2 9
github.com/makeos/mosdef/repo/repo.go:261.65,263.16 2 2
github.com/makeos/mosdef/repo/repo.go:266.2,266.17 1 1
github.com/makeos/mosdef/repo/repo.go:263.16,265.3 1 1
github.com/makeos/mosdef/repo/repo.go:270.81,272.16 2 4
github.com/makeos/mosdef/repo/repo.go:275.2,276.43 2 2
github.com/makeos/mosdef/repo/repo.go:279.2,279.21 1 2
github.com/makeos/mosdef/repo/repo.go:272.16,274.3 1 2
github.com/makeos/mosdef/repo/repo.go:276.43,278.3 1 0
github.com/makeos/mosdef/repo/repo.go:283.61,285.16 2 1
github.com/makeos/mosdef/repo/repo.go:288.2,288.24 1 1
github.com/makeos/mosdef/repo/repo.go:285.16,287.3 1 0
github.com/makeos/mosdef/repo/repo.go:292.65,295.16 3 4
github.com/makeos/mosdef/repo/repo.go:298.2,298.23 1 1
github.com/makeos/mosdef/repo/repo.go:295.16,297.3 1 3
github.com/makeos/mosdef/repo/repo.go:302.75,309.16 5 1
github.com/makeos/mosdef/repo/repo.go:313.2,313.12 1 1
github.com/makeos/mosdef/repo/repo.go:309.16,311.3 1 0
github.com/makeos/mosdef/repo/repo.go:317.65,319.16 2 1
github.com/makeos/mosdef/repo/repo.go:323.2,324.16 2 0
github.com/makeos/mosdef/repo/repo.go:328.2,331.65 4 0
github.com/makeos/mosdef/repo/repo.go:335.2,335.46 1 0
github.com/makeos/mosdef/repo/repo.go:339.2,341.25 2 0
github.com/makeos/mosdef/repo/repo.go:319.16,321.3 1 1
github.com/makeos/mosdef/repo/repo.go:324.16,326.3 1 0
github.com/makeos/mosdef/repo/repo.go:331.65,333.3 1 0
github.com/makeos/mosdef/repo/repo.go:335.46,337.3 1 0
github.com/makeos/mosdef/repo/repo.go:345.43,347.2 1 18
github.com/makeos/mosdef/repo/repo.go:350.49,353.43 1 3
github.com/makeos/mosdef/repo/repo.go:353.43,355.4 1 3
github.com/makeos/mosdef/repo/repo.go:360.51,362.16 2 24
github.com/makeos/mosdef/repo/repo.go:365.2,368.8 1 23
github.com/makeos/mosdef/repo/repo.go:362.16,364.3 1 1
github.com/makeos/mosdef/repo/repo.go:371.73,373.16 2 134
github.com/makeos/mosdef/repo/repo.go:376.2,380.8 1 134
github.com/makeos/mosdef/repo/repo.go:373.16,375.3 1 0
github.com/makeos/mosdef/repo/repo.go:385.65,387.16 2 0
github.com/makeos/mosdef/repo/repo.go:393.2,394.16 2 0
github.com/makeos/mosdef/repo/repo.go:400.2,400.18 1 0
github.com/makeos/mosdef/repo/repo.go:387.16,389.3 1 0
github.com/makeos/mosdef/repo/repo.go:394.16,396.3 1 0
github.com/makeos/mosdef/repo/repo.go:396.8,396.61 1 0
github.com/makeos/mosdef/repo/repo.go:396.61,398.3 1 0
github.com/makeos/mosdef/repo/repo.go:403.84,405.16 2 0
github.com/makeos/mosdef/repo/repo.go:410.2,412.16 3 0
github.com/makeos/mosdef/repo/repo.go:416.2,416.58 1 0
github.com/makeos/mosdef/repo/repo.go:405.16,408.3 2 0
github.com/makeos/mosdef/repo/repo.go:412.16,414.3 1 0
github.com/makeos/mosdef/repo/repo.go:428.37,431.16 2 0
github.com/makeos/mosdef/repo/repo.go:436.2,436.22 1 0
github.com/makeos/mosdef/repo/repo.go:439.2,439.22 1 0
github.com/makeos/mosdef/repo/repo.go:444.2,445.16 2 0
github.com/makeos/mosdef/repo/repo.go:450.2,453.22 2 0
github.com/makeos/mosdef/repo/repo.go:460.2,461.21 2 0
github.com/makeos/mosdef/repo/repo.go:464.2,465.76 2 0
github.com/makeos/mosdef/repo/repo.go:469.2,469.12 1 0
github.com/makeos/mosdef/repo/repo.go:431.16,433.3 1 0
github.com/makeos/mosdef/repo/repo.go:436.22,438.3 1 0
github.com/makeos/mosdef/repo/repo.go:439.22,441.3 1 0
github.com/makeos/mosdef/repo/repo.go:445.16,447.3 1 0
github.com/makeos/mosdef/repo/repo.go:453.22,455.17 2 0
github.com/makeos/mosdef/repo/repo.go:455.17,457.4 1 0
github.com/makeos/mosdef/repo/repo.go:461.21,463.3 1 0
github.com/makeos/mosdef/repo/repo.go:465.76,467.3 1 0
github.com/makeos/mosdef/repo/repo.go:483.37,486.16 2 0
github.com/makeos/mosdef/repo/repo.go:490.2,493.23 2 0
github.com/makeos/mosdef/repo/repo.go:497.2,497.22 1 0
github.com/makeos/mosdef/repo/repo.go:501.2,501.22 1 0
github.com/makeos/mosdef/repo/repo.go:506.2,507.30 2 0
github.com/makeos/mosdef/repo/repo.go:514.2,518.16 3 0
github.com/makeos/mosdef/repo/repo.go:523.2,526.22 2 0
github.com/makeos/mosdef/repo/repo.go:533.2,534.21 2 0
github.com/makeos/mosdef/repo/repo.go:539.2,543.68 3 0
github.com/makeos/mosdef/repo/repo.go:547.2,547.12 1 0
github.com/makeos/mosdef/repo/repo.go:486.16,488.3 1 0
github.com/makeos/mosdef/repo/repo.go:493.23,495.3 1 0
github.com/makeos/mosdef/repo/repo.go:497.22,499.3 1 0
github.com/makeos/mosdef/repo/repo.go:501.22,503.3 1 0
github.com/makeos/mosdef/repo/repo.go:507.30,509.3 1 0
github.com/makeos/mosdef/repo/repo.go:509.8,509.49 1 0
github.com/makeos/mosdef/repo/repo.go:509.49,511.3 1 0
github.com/makeos/mosdef/repo/repo.go:518.16,520.3 1 0
github.com/makeos/mosdef/repo/repo.go:526.22,528.17 2 0
github.com/makeos/mosdef/repo/repo.go:528.17,530.4 1 0
github.com/makeos/mosdef/repo/repo.go:534.21,536.3 1 0
github.com/makeos/mosdef/repo/repo.go:543.68,545.3 1 0
github.com/makeos/mosdef/repo/repo.go:560.37,563.16 2 0
github.com/makeos/mosdef/repo/repo.go:568.2,568.22 1 0
github.com/makeos/mosdef/repo/repo.go:572.2,572.22 1 0
github.com/makeos/mosdef/repo/repo.go:577.2,577.44 1 0
github.com/makeos/mosdef/repo/repo.go:582.2,583.16 2 0
github.com/makeos/mosdef/repo/repo.go:589.2,590.32 2 0
github.com/makeos/mosdef/repo/repo.go:608.2,608.23 1 0
github.com/makeos/mosdef/repo/repo.go:617.2,618.16 2 0
github.com/makeos/mosdef/repo/repo.go:621.2,625.16 3 0
github.com/makeos/mosdef/repo/repo.go:630.2,633.22 2 0
github.com/makeos/mosdef/repo/repo.go:642.2,644.16 3 0
github.com/makeos/mosdef/repo/repo.go:648.2,649.21 2 0
github.com/makeos/mosdef/repo/repo.go:654.2,658.16 3 0
github.com/makeos/mosdef/repo/repo.go:663.2,663.67 1 0
github.com/makeos/mosdef/repo/repo.go:667.2,667.12 1 0
github.com/makeos/mosdef/repo/repo.go:563.16,565.3 1 0
github.com/makeos/mosdef/repo/repo.go:568.22,570.3 1 0
github.com/makeos/mosdef/repo/repo.go:572.22,574.3 1 0
github.com/makeos/mosdef/repo/repo.go:577.44,579.3 1 0
github.com/makeos/mosdef/repo/repo.go:583.16,586.3 2 0
github.com/makeos/mosdef/repo/repo.go:590.32,592.17 2 0
github.com/makeos/mosdef/repo/repo.go:595.3,596.17 2 0
github.com/makeos/mosdef/repo/repo.go:599.3,601.42 3 0
github.com/makeos/mosdef/repo/repo.go:592.17,594.4 1 0
github.com/makeos/mosdef/repo/repo.go:596.17,598.4 1 0
github.com/makeos/mosdef/repo/repo.go:601.42,603.9 2 0
github.com/makeos/mosdef/repo/repo.go:608.23,610.17 2 0
github.com/makeos/mosdef/repo/repo.go:610.17,612.4 1 0
github.com/makeos/mosdef/repo/repo.go:618.16,620.3 1 0
github.com/makeos/mosdef/repo/repo.go:625.16,627.3 1 0
github.com/makeos/mosdef/repo/repo.go:633.22,635.17 2 0
github.com/makeos/mosdef/repo/repo.go:635.17,637.4 1 0
github.com/makeos/mosdef/repo/repo.go:644.16,646.3 1 0
github.com/makeos/mosdef/repo/repo.go:649.21,651.3 1 0
github.com/makeos/mosdef/repo/repo.go:658.16,660.3 1 0
github.com/makeos/mosdef/repo/repo.go:663.67,665.3 1 0
github.com/makeos/mosdef/repo/repo.go:671.77,673.16 2 39
github.com/makeos/mosdef/repo/repo.go:676.2,676.21 1 39
github.com/makeos/mosdef/repo/repo.go:673.16,675.3 1 0
github.com/makeos/mosdef/repo/repo.go:684.108,688.44 2 47
github.com/makeos/mosdef/repo/repo.go:693.2,698.16 4 37
github.com/makeos/mosdef/repo/repo.go:701.2,704.67 2 37
github.com/makeos/mosdef/repo/repo.go:713.2,713.37 1 37
github.com/makeos/mosdef/repo/repo.go:688.44,690.3 1 10
github.com/makeos/mosdef/repo/repo.go:698.16,700.3 1 0
github.com/makeos/mosdef/repo/repo.go:704.67,706.17 2 12
github.com/makeos/mosdef/repo/repo.go:709.3,710.13 2 12
github.com/makeos/mosdef/repo/repo.go:706.17,708.4 1 0
github.com/makeos/mosdef/repo/repo.go:717.76,719.31 2 1
github.com/makeos/mosdef/repo/repo.go:726.2,726.26 1 1
github.com/makeos/mosdef/repo/repo.go:719.31,721.17 2 0
github.com/makeos/mosdef/repo/repo.go:724.3,724.18 1 0
github.com/makeos/mosdef/repo/repo.go:721.17,723.4 1 0
github.com/makeos/mosdef/repo/repo.go:733.52,736.16 2 0
github.com/makeos/mosdef/repo/repo.go:740.2,741.39 2 0
github.com/makeos/mosdef/repo/repo.go:755.2,755.17 1 0
github.com/makeos/mosdef/repo/repo.go:736.16,738.3 1 0
github.com/makeos/mosdef/repo/repo.go:741.39,742.83 1 0
github.com/makeos/mosdef/repo/repo.go:749.3,749.17 1 0
github.com/makeos/mosdef/repo/repo.go:752.3,752.50 1 0
github.com/makeos/mosdef/repo/repo.go:742.83,748.4 2 0
github.com/makeos/mosdef/repo/repo.go:749.17,751.4 1 0
github.com/makeos/mosdef/repo/push_handler.go:28.79,34.2 1 6
github.com/makeos/mosdef/repo/push_handler.go:39.39,44.23 2 5
github.com/makeos/mosdef/repo/push_handler.go:53.2,54.16 2 4
github.com/makeos/mosdef/repo/push_handler.go:59.2,60.43 2 4
github.com/makeos/mosdef/repo/push_handler.go:64.2,64.12 1 3
github.com/makeos/mosdef/repo/push_handler.go:44.23,46.17 2 2
github.com/makeos/mosdef/repo/push_handler.go:46.17,48.4 1 1
github.com/makeos/mosdef/repo/push_handler.go:54.16,56.3 1 0
github.com/makeos/mosdef/repo/push_handler.go:60.43,62.3 1 1
github.com/makeos/mosdef/repo/push_handler.go:70.90,73.23 1 4
github.com/makeos/mosdef/repo/push_handler.go:77.2,82.54 3 3
github.com/makeos/mosdef/repo/push_handler.go:92.2,92.20 1 3
github.com/makeos/mosdef/repo/push_handler.go:99.2,100.25 2 2
github.com/makeos/mosdef/repo/push_handler.go:117.2,117.20 1 2
github.com/makeos/mosdef/repo/push_handler.go:121.2,121.30 1 1
github.com/makeos/mosdef/repo/push_handler.go:73.23,75.3 1 1
github.com/makeos/mosdef/repo/push_handler.go:82.54,84.25 2 4
github.com/makeos/mosdef/repo/push_handler.go:88.3,88.35 1 1
github.com/makeos/mosdef/repo/push_handler.go:84.25,86.12 2 3
github.com/makeos/mosdef/repo/push_handler.go:92.20,94.3 1 1
github.com/makeos/mosdef/repo/push_handler.go:100.25,101.37 1 1
github.com/makeos/mosdef/repo/push_handler.go:101.37,102.18 1 2
github.com/makeos/mosdef/repo/push_handler.go:106.4,106.31 1 1
github.com/makeos/mosdef/repo/push_handler.go:102.18,104.13 2 1
github.com/makeos/mosdef/repo/push_handler.go:106.31,110.10 3 1
github.com/makeos/mosdef/repo/push_handler.go:113.8,115.3 1 1
github.com/makeos/mosdef/repo/push_handler.go:117.20,119.3 1 1
github.com/makeos/mosdef/repo/push_handler.go:128.44,131.16 2 0
github.com/makeos/mosdef/repo/push_handler.go:136.2,137.16 2 0
github.com/makeos/mosdef/repo/push_handler.go:141.2,145.59 2 0
github.com/makeos/mosdef/repo/push_handler.go:151.2,151.43 1 0
github.com/makeos/mosdef/repo/push_handler.go:156.2,158.12 2 0
github.com/makeos/mosdef/repo/push_handler.go:131.16,133.3 1 0
github.com/makeos/mosdef/repo/push_handler.go:137.16,139.3 1 0
github.com/makeos/mosdef/repo/push_handler.go:145.59,148.3 2 0
github.com/makeos/mosdef/repo/push_handler.go:151.43,153.3 1 0
github.com/makeos/mosdef/repo/push_handler.go:163.63,177.16 4 0
github.com/makeos/mosdef/repo/push_handler.go:181.2,181.46 1 0
github.com/makeos/mosdef/repo/push_handler.go:195.2,196.16 2 0
github.com/makeos/mosdef/repo/push_handler.go:200.2,200.22 1 0
github.com/makeos/mosdef/repo/push_handler.go:177.16,179.3 1 0
github.com/makeos/mosdef/repo/push_handler.go:181.46,192.3 1 0
github.com/makeos/mosdef/repo/push_handler.go:196.16,198.3 1 0
github.com/makeos/mosdef/repo/push_handler.go:204.60,208.69 4 0
github.com/makeos/mosdef/repo/push_handler.go:212.2,212.12 1 0
github.com/makeos/mosdef/repo/push_handler.go:208.69,211.3 2 0
github.com/makeos/mosdef/repo/push_handler.go:220.75,232.16 5 4
github.com/makeos/mosdef/repo/push_handler.go:238.2,240.41 3 4
github.com/makeos/mosdef/repo/push_handler.go:245.2,246.16 2 4
github.com/makeos/mosdef/repo/push_handler.go:254.2,255.16 2 4
github.com/makeos/mosdef/repo/push_handler.go:262.2,262.19 1 4
github.com/makeos/mosdef/repo/push_handler.go:266.2,266.21 1 4
github.com/makeos/mosdef/repo/push_handler.go:232.16,235.3 2 0
github.com/makeos/mosdef/repo/push_handler.go:240.41,242.3 1 4
github.com/makeos/mosdef/repo/push_handler.go:246.16,248.3 1 1
github.com/makeos/mosdef/repo/push_handler.go:255.16,257.3 1 0
github.com/makeos/mosdef/repo/push_handler.go:262.19,264.3 1 1
github.com/makeos/mosdef/repo/push_note.go:20.95,26.36 4 11
github.com/makeos/mosdef/repo/push_note.go:32.2,33.16 2 11
github.com/makeos/mosdef/repo/push_note.go:37.2,37.42 1 10
github.com/makeos/mosdef/repo/push_note.go:26.36,27.33 1 12
github.com/makeos/mosdef/repo/push_note.go:27.33,29.4 1 32
github.com/makeos/mosdef/repo/push_note.go:33.16,35.3 1 1
github.com/makeos/mosdef/repo/push_note.go:42.97,46.16 2 8
github.com/makeos/mosdef/repo/push_note.go:50.2,58.36 8 8
github.com/makeos/mosdef/repo/push_note.go:66.2,67.38 2 8
github.com/makeos/mosdef/repo/push_note.go:71.2,71.42 1 8
github.com/makeos/mosdef/repo/push_note.go:46.16,48.3 1 0
github.com/makeos/mosdef/repo/push_note.go:58.36,64.3 1 9
github.com/makeos/mosdef/repo/push_note.go:67.38,69.3 1 0
github.com/makeos/mosdef/repo/push_note.go:79.57,86.52 3 21
github.com/makeos/mosdef/repo/push_note.go:205.2,205.16 1 21
github.com/makeos/mosdef/repo/push_note.go:86.52,96.27 7 28
github.com/makeos/mosdef/repo/push_note.go:101.3,101.38 1 28
github.com/makeos/mosdef/repo/push_note.go:109.3,109.35 1 28
github.com/makeos/mosdef/repo/push_note.go:161.3,161.36 1 26
github.com/makeos/mosdef/repo/push_note.go:168.2,171.24 1 26
github.com/makeos/mosdef/repo/push_note.go:96.27,98.4 1 13
github.com/makeos/mosdef/repo/push_note.go:101.38,103.18 2 18
github.com/makeos/mosdef/repo/push_note.go:103.18,105.5 1 0
github.com/makeos/mosdef/repo/push_note.go:109.35,116.18 3 6
github.com/makeos/mosdef/repo/push_note.go:124.4,125.55 2 4
github.com/makeos/mosdef/repo/push_note.go:116.18,117.77 1 2
github.com/makeos/mosdef/repo/push_note.go:120.5,120.20 1 0
github.com/makeos/mosdef/repo/push_note.go:117.77,118.17 1 2
github.com/makeos/mosdef/repo/push_note.go:125.55,127.5 1 0
github.com/makeos/mosdef/repo/push_note.go:127.10,127.24 1 4
github.com/makeos/mosdef/repo/push_note.go:127.24,129.19 2 2
github.com/makeos/mosdef/repo/push_note.go:134.5,139.35 2 2
github.com/makeos/mosdef/repo/push_note.go:129.19,131.6 1 0
github.com/makeos/mosdef/repo/push_note.go:139.35,141.20 2 1
github.com/makeos/mosdef/repo/push_note.go:144.6,145.20 2 1
github.com/makeos/mosdef/repo/push_note.go:148.6,148.55 1 1
github.com/makeos/mosdef/repo/push_note.go:141.20,143.7 1 0
github.com/makeos/mosdef/repo/push_note.go:145.20,147.7 1 0
github.com/makeos/mosdef/repo/push_note.go:151.10,154.19 2 2
github.com/makeos/mosdef/repo/push_note.go:154.19,156.6 1 0
github.com/makeos/mosdef/repo/push_note.go:161.36,163.18 2 4
github.com/makeos/mosdef/repo/push_note.go:163.18,165.5 1 0
github.com/makeos/mosdef/repo/push_note.go:172.28,174.18 2 15
github.com/makeos/mosdef/repo/push_note.go:177.4,182.6 1 15
github.com/makeos/mosdef/repo/push_note.go:184.31,186.18 2 8
github.com/makeos/mosdef/repo/push_note.go:189.4,194.6 1 8
github.com/makeos/mosdef/repo/push_note.go:196.31,201.6 1 5
github.com/makeos/mosdef/repo/push_note.go:174.18,176.5 1 0
github.com/makeos/mosdef/repo/push_note.go:186.18,188.5 1 0
github.com/makeos/mosdef/repo/push_note.go:213.55,216.16 2 7
github.com/makeos/mosdef/repo/push_note.go:220.2,220.51 1 7
github.com/makeos/mosdef/repo/push_note.go:216.16,218.3 1 0
github.com/makeos/mosdef/repo/service_helpers.go:23.65,28.24 4 0
github.com/makeos/mosdef/repo/service_helpers.go:33.2,37.12 5 0
github.com/makeos/mosdef/repo/service_helpers.go:28.24,31.3 2 0
github.com/makeos/mosdef/repo/service_helpers.go:41.41,44.2 2 0
github.com/makeos/mosdef/repo/service_helpers.go:49.76,53.16 4 54
github.com/makeos/mosdef/repo/service_helpers.go:57.2,57.17 1 46
github.com/makeos/mosdef/repo/service_helpers.go:53.16,56.3 1 8
github.com/makeos/mosdef/repo/service_helpers.go:63.101,67.16 4 0
github.com/makeos/mosdef/repo/service_helpers.go:71.2,72.16 2 0
github.com/makeos/mosdef/repo/service_helpers.go:75.2,75.21 1 0
github.com/makeos/mosdef/repo/service_helpers.go:67.16,70.3 1 0
github.com/makeos/mosdef/repo/service_helpers.go:72.16,74.3 1 0
github.com/makeos/mosdef/repo/service_helpers.go:79.41,82.2 2 0
github.com/makeos/mosdef/repo/service_helpers.go:84.41,86.2 1 0
github.com/makeos/mosdef/repo/service_helpers.go:89.40,93.2 3 0
github.com/makeos/mosdef/repo/service_helpers.go:96.45,102.2 5 0
github.com/makeos/mosdef/repo/service_helpers.go:105.27,107.2 1 0
github.com/makeos/mosdef/repo/service_helpers.go:110.37,113.19 2 0
github.com/makeos/mosdef/repo/service_helpers.go:117.2,117.24 1 0
github.com/makeos/mosdef/repo/service_helpers.go:113.19,115.3 1 0
github.com/makeos/mosdef/repo/service_helpers.go:122.68,123.27 1 0
github.com/makeos/mosdef/repo/service_helpers.go:123.27,126.3 2 0
github.com/makeos/mosdef/repo/service_helpers.go:126.8,129.3 2 0
github.com/makeos/mosdef/repo/service_helpers.go:132.62,135.2 2 0
github.com/makeos/mosdef/repo/service_helpers.go:138.42,140.2 1 0
github.com/makeos/mosdef/repo/service_helpers.go:143.45,146.2 2 0
github.com/makeos/mosdef/repo/service_helpers.go:149.43,152.2 2 0
github.com/makeos/mosdef/repo/service_helpers.go:155.42,158.2 2 0
github.com/makeos/mosdef/repo/service_helpers.go:161.41,164.2 2 0
github.com/makeos/mosdef/repo/service_helpers.go:166.37,168.2 1 0
github.com/makeos/mosdef/repo/service_helpers.go:170.42,172.2 1 0
github.com/makeos/mosdef/repo/validate.go:28.63,35.37 5 10
github.com/makeos/mosdef/repo/validate.go:38.2,38.34 1 4
github.com/makeos/mosdef/repo/validate.go:42.2,42.35 1 1
github.com/makeos/mosdef/repo/validate.go:46.2,48.1 2 1
github.com/makeos/mosdef/repo/validate.go:49.2,50.16 2 6
github.com/makeos/mosdef/repo/validate.go:53.2,55.1 2 5
github.com/makeos/mosdef/repo/validate.go:56.2,57.16 2 3
github.com/makeos/mosdef/repo/validate.go:62.2,63.53 2 2
github.com/makeos/mosdef/repo/validate.go:69.2,69.19 1 2
github.com/makeos/mosdef/repo/validate.go:79.2,81.1 2 1
github.com/makeos/mosdef/repo/validate.go:82.2,83.51 2 0
github.com/makeos/mosdef/repo/validate.go:35.37,36.22 1 6
github.com/makeos/mosdef/repo/validate.go:38.34,39.19 1 3
github.com/makeos/mosdef/repo/validate.go:42.35,43.21 1 0
github.com/makeos/mosdef/repo/validate.go:50.16,52.3 1 1
github.com/makeos/mosdef/repo/validate.go:57.16,59.3 1 1
github.com/makeos/mosdef/repo/validate.go:63.53,65.3 1 0
github.com/makeos/mosdef/repo/validate.go:69.19,71.17 2 1
github.com/makeos/mosdef/repo/validate.go:74.3,74.58 1 1
github.com/makeos/mosdef/repo/validate.go:71.17,73.4 1 0
github.com/makeos/mosdef/repo/validate.go:93.63,97.16 2 8
github.com/makeos/mosdef/repo/validate.go:104.2,105.32 2 7
github.com/makeos/mosdef/repo/validate.go:123.2,123.19 1 7
github.com/makeos/mosdef/repo/validate.go:128.2,129.16 2 6
github.com/makeos/mosdef/repo/validate.go:132.2,133.16 2 6
github.com/makeos/mosdef/repo/validate.go:136.2,137.16 2 6
github.com/makeos/mosdef/repo/validate.go:142.2,143.16 2 5
github.com/makeos/mosdef/repo/validate.go:147.2,148.16 2 4
github.com/makeos/mosdef/repo/validate.go:156.2,158.16 3 3
github.com/makeos/mosdef/repo/validate.go:173.2,175.16 3 3
github.com/makeos/mosdef/repo/validate.go:180.2,180.20 1 1
github.com/makeos/mosdef/repo/validate.go:97.16,100.3 2 1
github.com/makeos/mosdef/repo/validate.go:105.32,107.17 2 13
github.com/makeos/mosdef/repo/validate.go:110.3,111.17 2 13
github.com/makeos/mosdef/repo/validate.go:114.3,116.42 3 13
github.com/makeos/mosdef/repo/validate.go:107.17,109.4 1 0
github.com/makeos/mosdef/repo/validate.go:111.17,113.4 1 0
github.com/makeos/mosdef/repo/validate.go:116.42,118.9 2 6
github.com/makeos/mosdef/repo/validate.go:123.19,125.3 1 1
github.com/makeos/mosdef/repo/validate.go:129.16,131.3 1 0
github.com/makeos/mosdef/repo/validate.go:133.16,135.3 1 0
github.com/makeos/mosdef/repo/validate.go:137.16,139.3 1 1
github.com/makeos/mosdef/repo/validate.go:143.16,146.3 2 1
github.com/makeos/mosdef/repo/validate.go:148.16,151.3 2 1
github.com/makeos/mosdef/repo/validate.go:158.16,160.3 1 0
github.com/makeos/mosdef/repo/validate.go:160.8,160.27 1 3
github.com/makeos/mosdef/repo/validate.go:160.27,162.17 2 3
github.com/makeos/mosdef/repo/validate.go:165.3,166.17 2 3
github.com/makeos/mosdef/repo/validate.go:169.3,169.34 1 3
github.com/makeos/mosdef/repo/validate.go:162.17,164.4 1 0
github.com/makeos/mosdef/repo/validate.go:166.17,168.4 1 0
github.com/makeos/mosdef/repo/validate.go:175.16,178.3 2 2
github.com/makeos/mosdef/repo/validate.go:190.63,194.16 2 8
github.com/makeos/mosdef/repo/validate.go:199.2,199.28 1 6
github.com/makeos/mosdef/repo/validate.go:205.2,206.16 2 5
github.com/makeos/mosdef/repo/validate.go:212.2,212.45 1 4
github.com/makeos/mosdef/repo/validate.go:217.2,218.16 2 3
github.com/makeos/mosdef/repo/validate.go:221.2,221.57 1 3
github.com/makeos/mosdef/repo/validate.go:194.16,197.3 2 2
github.com/makeos/mosdef/repo/validate.go:199.28,202.3 2 1
github.com/makeos/mosdef/repo/validate.go:206.16,209.3 2 1
github.com/makeos/mosdef/repo/validate.go:212.45,215.3 2 1
github.com/makeos/mosdef/repo/validate.go:218.16,220.3 1 0
github.com/makeos/mosdef/repo/validate.go:233.63,236.18 2 15
github.com/makeos/mosdef/repo/validate.go:241.2,242.16 2 15
github.com/makeos/mosdef/repo/validate.go:247.2,247.31 1 12
github.com/makeos/mosdef/repo/validate.go:253.2,254.16 2 10
github.com/makeos/mosdef/repo/validate.go:260.2,260.48 1 9
github.com/makeos/mosdef/repo/validate.go:265.2,265.20 1 8
github.com/makeos/mosdef/repo/validate.go:236.18,238.3 1 4
github.com/makeos/mosdef/repo/validate.go:242.16,245.3 2 3
github.com/makeos/mosdef/repo/validate.go:247.31,250.3 2 2
github.com/makeos/mosdef/repo/validate.go:254.16,257.3 2 1
github.com/makeos/mosdef/repo/validate.go:260.48,263.3 2 1
github.com/makeos/mosdef/repo/validate.go:269.52,271.23 1 18
github.com/makeos/mosdef/repo/validate.go:275.2,277.36 3 17
github.com/makeos/mosdef/repo/validate.go:313.2,313.30 1 6
github.com/makeos/mosdef/repo/validate.go:316.2,316.31 1 5
github.com/makeos/mosdef/repo/validate.go:320.2,320.38 1 4
github.com/makeos/mosdef/repo/validate.go:324.2,324.29 1 4
github.com/makeos/mosdef/repo/validate.go:328.2,329.16 2 3
github.com/makeos/mosdef/repo/validate.go:333.2,333.26 1 3
github.com/makeos/mosdef/repo/validate.go:337.2,337.74 1 2
github.com/makeos/mosdef/repo/validate.go:341.2,341.12 1 1
github.com/makeos/mosdef/repo/validate.go:271.23,273.3 1 1
github.com/makeos/mosdef/repo/validate.go:277.36,278.21 1 12
github.com/makeos/mosdef/repo/validate.go:281.3,281.24 1 11
github.com/makeos/mosdef/repo/validate.go:284.3,284.29 1 10
github.com/makeos/mosdef/repo/validate.go:287.3,287.24 1 9
github.com/makeos/mosdef/repo/validate.go:290.3,290.29 1 8
github.com/makeos/mosdef/repo/validate.go:293.3,293.21 1 7
github.com/makeos/mosdef/repo/validate.go:296.3,296.28 1 6
github.com/makeos/mosdef/repo/validate.go:299.3,299.62 1 5
github.com/makeos/mosdef/repo/validate.go:302.3,302.53 1 4
github.com/makeos/mosdef/repo/validate.go:305.3,305.35 1 2
github.com/makeos/mosdef/repo/validate.go:310.3,310.35 1 1
github.com/makeos/mosdef/repo/validate.go:278.21,280.4 1 1
github.com/makeos/mosdef/repo/validate.go:281.24,283.4 1 1
github.com/makeos/mosdef/repo/validate.go:284.29,286.4 1 1
github.com/makeos/mosdef/repo/validate.go:287.24,289.4 1 1
github.com/makeos/mosdef/repo/validate.go:290.29,292.4 1 1
github.com/makeos/mosdef/repo/validate.go:293.21,295.4 1 1
github.com/makeos/mosdef/repo/validate.go:296.28,298.4 1 1
github.com/makeos/mosdef/repo/validate.go:299.62,301.4 1 1
github.com/makeos/mosdef/repo/validate.go:302.53,304.4 1 2
github.com/makeos/mosdef/repo/validate.go:305.35,306.22 1 1
github.com/makeos/mosdef/repo/validate.go:306.22,308.5 1 1
github.com/makeos/mosdef/repo/validate.go:313.30,315.3 1 1
github.com/makeos/mosdef/repo/validate.go:316.31,318.3 1 1
github.com/makeos/mosdef/repo/validate.go:320.38,322.3 1 0
github.com/makeos/mosdef/repo/validate.go:324.29,326.3 1 1
github.com/makeos/mosdef/repo/validate.go:329.16,331.3 1 0
github.com/makeos/mosdef/repo/validate.go:333.26,335.3 1 1
github.com/makeos/mosdef/repo/validate.go:337.74,339.3 1 1
github.com/makeos/mosdef/repo/validate.go:350.31,351.28 1 9
github.com/makeos/mosdef/repo/validate.go:402.2,402.12 1 1
github.com/makeos/mosdef/repo/validate.go:351.28,361.52 5 9
github.com/makeos/mosdef/repo/validate.go:369.3,369.42 1 8
github.com/makeos/mosdef/repo/validate.go:384.3,386.29 3 5
github.com/makeos/mosdef/repo/validate.go:393.3,395.36 3 2
github.com/makeos/mosdef/repo/validate.go:361.52,364.4 2 1
github.com/makeos/mosdef/repo/validate.go:369.42,371.18 2 6
github.com/makeos/mosdef/repo/validate.go:376.4,376.47 1 5
github.com/makeos/mosdef/repo/validate.go:371.18,374.5 2 1
github.com/makeos/mosdef/repo/validate.go:376.47,379.5 2 2
github.com/makeos/mosdef/repo/validate.go:386.29,389.4 2 3
github.com/makeos/mosdef/repo/validate.go:395.36,399.4 2 1
github.com/makeos/mosdef/repo/validate.go:408.80,412.18 2 2
github.com/makeos/mosdef/repo/validate.go:418.2,419.20 2 1
github.com/makeos/mosdef/repo/validate.go:425.2,430.24 1 0
github.com/makeos/mosdef/repo/validate.go:434.2,434.12 1 0
github.com/makeos/mosdef/repo/validate.go:412.18,415.3 2 1
github.com/makeos/mosdef/repo/validate.go:419.20,422.3 2 1
github.com/makeos/mosdef/repo/validate.go:430.24,432.3 1 0
github.com/makeos/mosdef/repo/validate.go:439.27,441.66 1 0
github.com/makeos/mosdef/repo/validate.go:445.2,445.78 1 0
github.com/makeos/mosdef/repo/validate.go:449.2,450.16 2 0
github.com/makeos/mosdef/repo/validate.go:454.2,454.12 1 0
github.com/makeos/mosdef/repo/validate.go:441.66,443.3 1 0
github.com/makeos/mosdef/repo/validate.go:445.78,447.3 1 0
github.com/makeos/mosdef/repo/validate.go:450.16,452.3 1 0
github.com/makeos/mosdef/repo/validate.go:462.80,465.53 2 4
github.com/makeos/mosdef/repo/validate.go:498.2,498.40 1 2
github.com/makeos/mosdef/repo/validate.go:504.2,504.12 1 1
github.com/makeos/mosdef/repo/validate.go:465.53,467.2 1 4
github.com/makeos/mosdef/repo/validate.go:470.3,471.17 2 6
github.com/makeos/mosdef/repo/validate.go:477.3,484.17 5 4
github.com/makeos/mosdef/repo/validate.go:490.3,490.81 1 3
github.com/makeos/mosdef/repo/validate.go:495.3,495.15 1 2
github.com/makeos/mosdef/repo/validate.go:471.17,473.12 2 2
github.com/makeos/mosdef/repo/validate.go:484.17,487.4 2 1
github.com/makeos/mosdef/repo/validate.go:490.81,493.4 2 1
github.com/makeos/mosdef/repo/validate.go:498.40,502.3 2 1
github.com/makeos/mosdef/repo/common.go:13.65,14.30 1 116
github.com/makeos/mosdef/repo/common.go:19.2,19.12 1 103
github.com/makeos/mosdef/repo/common.go:14.30,15.21 1 17
github.com/makeos/mosdef/repo/common.go:15.21,17.4 1 13
github.com/makeos/mosdef/repo/common.go:22.42,24.2 1 13
github.com/makeos/mosdef/repo/common.go:26.51,28.2 1 4
github.com/makeos/mosdef/repo/common.go:31.57,33.2 1 16
github.com/makeos/mosdef/repo/common.go:36.82,38.21 2 6
github.com/makeos/mosdef/repo/common.go:41.2,41.32 1 4
github.com/makeos/mosdef/repo/common.go:38.21,40.3 1 2
github.com/makeos/mosdef/repo/common.go:44.45,45.20 1 0
github.com/makeos/mosdef/repo/common.go:49.2,49.20 1 0
github.com/makeos/mosdef/repo/common.go:53.2,54.9 2 0
github.com/makeos/mosdef/repo/common.go:58.2,58.12 1 0
github.com/makeos/mosdef/repo/common.go:45.20,46.39 1 0
github.com/makeos/mosdef/repo/common.go:49.20,51.3 1 0
github.com/makeos/mosdef/repo/common.go:54.9,55.38 1 0
github.com/makeos/mosdef/repo/create.go:13.55,17.41 2 4
github.com/makeos/mosdef/repo/create.go:22.2,23.16 2 3
github.com/makeos/mosdef/repo/create.go:28.2,31.30 2 3
github.com/makeos/mosdef/repo/create.go:38.2,38.12 1 3
github.com/makeos/mosdef/repo/create.go:17.41,19.3 1 1
github.com/makeos/mosdef/repo/create.go:23.16,25.3 1 0
github.com/makeos/mosdef/repo/create.go:31.30,33.17 2 3
github.com/makeos/mosdef/repo/create.go:33.17,35.4 1 0
github.com/makeos/mosdef/repo/create.go:43.51,46.49 2 3
github.com/makeos/mosdef/repo/create.go:50.2,50.47 1 2
github.com/makeos/mosdef/repo/create.go:54.2,54.13 1 1
github.com/makeos/mosdef/repo/create.go:46.49,48.3 1 1
github.com/makeos/mosdef/repo/create.go:50.47,52.3 1 1
github.com/makeos/mosdef/repo/events.go:8.77,9.46 1 0
github.com/makeos/mosdef/repo/events.go:12.2,13.9 2 0
github.com/makeos/mosdef/repo/events.go:16.2,16.29 1 0
github.com/makeos/mosdef/repo/events.go:9.46,11.3 1 0
github.com/makeos/mosdef/repo/events.go:13.9,14.33 1 0
github.com/makeos/mosdef/repo/events.go:16.29,18.3 1 0
github.com/makeos/mosdef/repo/events.go:22.31,25.12 1 0
github.com/makeos/mosdef/repo/events.go:32.2,32.12 1 0
github.com/makeos/mosdef/repo/events.go:41.2,41.12 1 0
github.com/makeos/mosdef/repo/events.go:25.12,26.66 1 0
github.com/makeos/mosdef/repo/events.go:26.66,28.4 1 0
github.com/makeos/mosdef/repo/events.go:32.12,33.67 1 0
github.com/makeos/mosdef/repo/events.go:33.67,35.4 1 0
github.com/makeos/mosdef/repo/events.go:41.13,65.3 0 0
github.com/makeos/mosdef/repo/pushpool.go:31.65,33.2 1 74
github.com/makeos/mosdef/repo/pushpool.go:36.49,39.2 2 45
github.com/makeos/mosdef/repo/pushpool.go:42.59,45.2 2 20
github.com/makeos/mosdef/repo/pushpool.go:48.47,50.2 1 13
github.com/makeos/mosdef/repo/pushpool.go:55.50,58.2 2 54
github.com/makeos/mosdef/repo/pushpool.go:61.66,62.20 1 38
github.com/makeos/mosdef/repo/pushpool.go:66.2,66.43 1 5
github.com/makeos/mosdef/repo/pushpool.go:62.20,65.3 2 33
github.com/makeos/mosdef/repo/pushpool.go:70.60,71.20 1 14
github.com/makeos/mosdef/repo/pushpool.go:75.2,76.62 2 14
github.com/makeos/mosdef/repo/pushpool.go:79.2,81.22 2 14
github.com/makeos/mosdef/repo/pushpool.go:71.20,73.3 1 0
github.com/makeos/mosdef/repo/pushpool.go:76.62,78.3 1 18
github.com/makeos/mosdef/repo/pushpool.go:81.22,83.3 1 10
github.com/makeos/mosdef/repo/pushpool.go:89.42,91.2 1 153
github.com/makeos/mosdef/repo/pushpool.go:94.58,96.2 1 39
github.com/makeos/mosdef/repo/pushpool.go:99.56,101.9 2 45
github.com/makeos/mosdef/repo/pushpool.go:104.2,104.14 1 16
github.com/makeos/mosdef/repo/pushpool.go:101.9,103.3 1 29
github.com/makeos/mosdef/repo/pushpool.go:108.47,110.2 1 13
github.com/makeos/mosdef/repo/pushpool.go:113.51,116.2 2 40
github.com/makeos/mosdef/repo/pushpool.go:135.71,150.12 3 102
github.com/makeos/mosdef/repo/pushpool.go:156.2,156.13 1 102
github.com/makeos/mosdef/repo/pushpool.go:150.12,151.20 1 102
github.com/makeos/mosdef/repo/pushpool.go:151.20,153.4 1 0
github.com/makeos/mosdef/repo/pushpool.go:160.32,165.2 4 42
github.com/makeos/mosdef/repo/pushpool.go:180.77,182.14 1 42
github.com/makeos/mosdef/repo/pushpool.go:186.2,190.30 4 41
github.com/makeos/mosdef/repo/pushpool.go:194.2,204.56 6 40
github.com/makeos/mosdef/repo/pushpool.go:238.2,238.26 1 36
github.com/makeos/mosdef/repo/pushpool.go:248.2,248.56 1 35
github.com/makeos/mosdef/repo/pushpool.go:255.2,260.43 4 34
github.com/makeos/mosdef/repo/pushpool.go:265.2,265.12 1 34
github.com/makeos/mosdef/repo/pushpool.go:182.14,184.3 1 1
github.com/makeos/mosdef/repo/pushpool.go:190.30,192.3 1 1
github.com/makeos/mosdef/repo/pushpool.go:204.56,207.28 2 43
github.com/makeos/mosdef/repo/pushpool.go:213.3,213.35 1 15
github.com/makeos/mosdef/repo/pushpool.go:218.3,219.26 2 14
github.com/makeos/mosdef/repo/pushpool.go:223.3,223.91 1 13
github.com/makeos/mosdef/repo/pushpool.go:229.3,230.44 2 11
github.com/makeos/mosdef/repo/pushpool.go:207.28,208.12 1 28
github.com/makeos/mosdef/repo/pushpool.go:213.35,216.4 1 1
github.com/makeos/mosdef/repo/pushpool.go:219.26,220.76 1 1
github.com/makeos/mosdef/repo/pushpool.go:223.91,227.4 2 2
github.com/makeos/mosdef/repo/pushpool.go:230.44,233.4 2 11
github.com/makeos/mosdef/repo/pushpool.go:238.26,239.77 1 7
github.com/makeos/mosdef/repo/pushpool.go:244.3,244.60 1 6
github.com/makeos/mosdef/repo/pushpool.go:239.77,243.4 2 1
github.com/makeos/mosdef/repo/pushpool.go:248.56,249.42 1 33
github.com/makeos/mosdef/repo/pushpool.go:249.42,251.4 1 1
github.com/makeos/mosdef/repo/pushpool.go:260.43,263.3 2 36
github.com/makeos/mosdef/repo/pushpool.go:270.52,273.38 3 12
github.com/makeos/mosdef/repo/pushpool.go:273.38,276.3 2 12
github.com/makeos/mosdef/repo/pushpool.go:281.57,282.67 1 8
github.com/makeos/mosdef/repo/pushpool.go:291.2,291.43 1 8
github.com/makeos/mosdef/repo/pushpool.go:282.67,283.59 1 12
github.com/makeos/mosdef/repo/pushpool.go:289.3,289.14 1 1
github.com/makeos/mosdef/repo/pushpool.go:283.59,285.4 1 15
github.com/makeos/mosdef/repo/pushpool.go:285.13,288.4 2 11
github.com/makeos/mosdef/repo/pushpool.go:295.53,299.2 3 0
github.com/makeos/mosdef/repo/pushpool.go:302.55,304.16 2 4
github.com/makeos/mosdef/repo/pushpool.go:307.2,307.17 1 2
github.com/makeos/mosdef/repo/pushpool.go:304.16,306.3 1 2
github.com/makeos/mosdef/repo/pushpool.go:311.60,313.2 1 33
github.com/makeos/mosdef/repo/pushpool.go:316.54,318.2 1 0
github.com/makeos/mosdef/repo/pushpool.go:322.32,325.67 3 1
github.com/makeos/mosdef/repo/pushpool.go:332.2,332.43 1 1
github.com/makeos/mosdef/repo/pushpool.go:325.67,326.80 1 1
github.com/makeos/mosdef/repo/pushpool.go:330.3,330.14 1 0
github.com/makeos/mosdef/repo/pushpool.go:326.80,329.4 2 1
github.com/makeos/mosdef/repo/pushpool.go:336.30,340.2 3 2
github.com/makeos/mosdef/repo/revert.go:33.116,38.20 3 19
github.com/makeos/mosdef/repo/revert.go:43.2,43.66 1 19
github.com/makeos/mosdef/repo/revert.go:76.2,76.51 1 19
github.com/makeos/mosdef/repo/revert.go:80.2,80.38 1 18
github.com/makeos/mosdef/repo/revert.go:38.20,40.3 1 15
github.com/makeos/mosdef/repo/revert.go:43.66,48.24 3 12
github.com/makeos/mosdef/repo/revert.go:57.3,57.21 1 12
github.com/makeos/mosdef/repo/revert.go:66.3,66.22 1 12
github.com/makeos/mosdef/repo/revert.go:48.24,50.18 2 12
github.com/makeos/mosdef/repo/revert.go:53.4,53.38 1 12
github.com/makeos/mosdef/repo/revert.go:50.18,52.5 1 0
github.com/makeos/mosdef/repo/revert.go:57.21,59.18 2 0
github.com/makeos/mosdef/repo/revert.go:62.4,62.38 1 0
github.com/makeos/mosdef/repo/revert.go:59.18,61.5 1 0
github.com/makeos/mosdef/repo/revert.go:66.22,68.18 2 0
github.com/makeos/mosdef/repo/revert.go:71.4,71.38 1 0
github.com/makeos/mosdef/repo/revert.go:68.18,70.5 1 0
github.com/makeos/mosdef/repo/revert.go:76.51,78.3 1 1
github.com/makeos/mosdef/repo/revert.go:86.70,87.33 1 19
github.com/makeos/mosdef/repo/revert.go:103.2,103.8 1 19
github.com/makeos/mosdef/repo/revert.go:87.33,88.22 1 12
github.com/makeos/mosdef/repo/revert.go:89.31,90.37 1 5
github.com/makeos/mosdef/repo/revert.go:91.31,92.78 1 4
github.com/makeos/mosdef/repo/revert.go:93.28,94.37 1 0
github.com/makeos/mosdef/repo/revert.go:95.31,96.78 1 3
github.com/makeos/mosdef/repo/revert.go:97.29,98.37 1 0
github.com/makeos/mosdef/repo/revert.go:99.29,100.78 1 0
github.com/makeos/mosdef/repo/revert.go:107.74,108.41 1 12
github.com/makeos/mosdef/repo/revert.go:115.2,115.8 1 12
github.com/makeos/mosdef/repo/revert.go:108.41,109.29 1 12
github.com/makeos/mosdef/repo/revert.go:113.3,113.15 1 5
github.com/makeos/mosdef/repo/revert.go:109.29,112.4 2 7
github.com/makeos/mosdef/repo/revert.go:119.36,121.2 1 50
github.com/makeos/mosdef/repo/revert.go:124.33,126.2 1 44
github.com/makeos/mosdef/repo/revert.go:129.34,131.2 1 39
github.com/makeos/mosdef/repo/revert.go:146.96,151.26 3 13
github.com/makeos/mosdef/repo/revert.go:162.2,162.21 1 12
github.com/makeos/mosdef/repo/revert.go:152.30,153.85 1 3
github.com/makeos/mosdef/repo/revert.go:154.27,155.82 1 5
github.com/makeos/mosdef/repo/revert.go:156.30,157.93 1 4
github.com/makeos/mosdef/repo/revert.go:158.10,159.48 1 1
github.com/makeos/mosdef/repo/revert.go:171.90,176.23 3 1
github.com/makeos/mosdef/repo/revert.go:188.2,188.21 1 0
github.com/makeos/mosdef/repo/revert.go:177.27,179.84 2 0
github.com/makeos/mosdef/repo/revert.go:180.30,181.85 1 0
github.com/makeos/mosdef/repo/revert.go:182.30,183.90 1 0
github.com/makeos/mosdef/repo/revert.go:184.10,185.48 1 1
github.com/makeos/mosdef/repo/revert.go:197.92,202.24 3 1
github.com/makeos/mosdef/repo/revert.go:213.2,213.21 1 0
github.com/makeos/mosdef/repo/revert.go:203.27,204.80 1 0
github.com/makeos/mosdef/repo/revert.go:205.30,206.83 1 0
github.com/makeos/mosdef/repo/revert.go:207.30,208.89 1 0
github.com/makeos/mosdef/repo/revert.go:209.10,210.48 1 1
github.com/makeos/mosdef/repo/services.go:35.42,44.12 6 0
github.com/makeos/mosdef/repo/services.go:49.2,50.16 2 0
github.com/makeos/mosdef/repo/services.go:55.2,63.20 5 0
github.com/makeos/mosdef/repo/services.go:69.2,73.1 3 0
github.com/makeos/mosdef/repo/services.go:75.2,83.55 3 0
github.com/makeos/mosdef/repo/services.go:44.12,45.15 1 0
github.com/makeos/mosdef/repo/services.go:50.16,52.3 1 0
github.com/makeos/mosdef/repo/services.go:63.20,66.3 2 0
github.com/makeos/mosdef/repo/services.go:87.43,108.23 15 0
github.com/makeos/mosdef/repo/services.go:113.2,114.16 2 0
github.com/makeos/mosdef/repo/services.go:119.2,120.16 2 0
github.com/makeos/mosdef/repo/services.go:123.2,127.16 3 0
github.com/makeos/mosdef/repo/services.go:133.2,134.42 2 0
github.com/makeos/mosdef/repo/services.go:144.2,144.25 1 0
github.com/makeos/mosdef/repo/services.go:152.2,152.63 1 0
github.com/makeos/mosdef/repo/services.go:156.2,161.53 4 0
github.com/makeos/mosdef/repo/services.go:166.2,169.17 2 0
github.com/makeos/mosdef/repo/services.go:173.2,173.12 1 0
github.com/makeos/mosdef/repo/services.go:108.23,110.3 1 0
github.com/makeos/mosdef/repo/services.go:114.16,116.3 1 0
github.com/makeos/mosdef/repo/services.go:120.16,122.3 1 0
github.com/makeos/mosdef/repo/services.go:127.16,129.3 1 0
github.com/makeos/mosdef/repo/services.go:135.14,137.23 2 0
github.com/makeos/mosdef/repo/services.go:138.10,140.23 2 0
github.com/makeos/mosdef/repo/services.go:144.25,149.3 4 0
github.com/makeos/mosdef/repo/services.go:152.63,154.3 1 0
github.com/makeos/mosdef/repo/services.go:161.53,164.3 2 0
github.com/makeos/mosdef/repo/services.go:169.17,171.3 1 0
github.com/makeos/mosdef/repo/changes.go:19.33,21.2 1 319
github.com/makeos/mosdef/repo/changes.go:24.33,26.2 1 74
github.com/makeos/mosdef/repo/changes.go:29.33,31.2 1 0
github.com/makeos/mosdef/repo/changes.go:34.42,38.2 1 72
github.com/makeos/mosdef/repo/changes.go:46.49,48.2 1 152
github.com/makeos/mosdef/repo/changes.go:51.46,53.2 1 25
github.com/makeos/mosdef/repo/changes.go:56.52,58.9 2 168
github.com/makeos/mosdef/repo/changes.go:61.2,61.12 1 106
github.com/makeos/mosdef/repo/changes.go:58.9,60.3 1 62
github.com/makeos/mosdef/repo/changes.go:65.45,66.45 1 59
github.com/makeos/mosdef/repo/changes.go:69.2,69.34 1 46
github.com/makeos/mosdef/repo/changes.go:75.2,75.13 1 33
github.com/makeos/mosdef/repo/changes.go:66.45,68.3 1 13
github.com/makeos/mosdef/repo/changes.go:69.34,71.60 2 46
github.com/makeos/mosdef/repo/changes.go:71.60,73.4 1 13
github.com/makeos/mosdef/repo/changes.go:79.31,81.2 1 228
github.com/makeos/mosdef/repo/changes.go:86.61,87.29 1 90
github.com/makeos/mosdef/repo/changes.go:87.29,88.18 1 106
github.com/makeos/mosdef/repo/changes.go:88.18,89.9 1 8
github.com/makeos/mosdef/repo/changes.go:95.34,99.29 2 2
github.com/makeos/mosdef/repo/changes.go:102.2,102.33 1 2
github.com/makeos/mosdef/repo/changes.go:99.29,101.3 1 2
github.com/makeos/mosdef/repo/changes.go:106.39,108.2 1 1
github.com/makeos/mosdef/repo/changes.go:110.46,112.2 1 3
github.com/makeos/mosdef/repo/changes.go:114.76,116.2 1 56
github.com/makeos/mosdef/repo/changes.go:121.62,123.19 2 55
github.com/makeos/mosdef/repo/changes.go:129.2,129.31 1 54
github.com/makeos/mosdef/repo/changes.go:136.2,137.30 2 54
github.com/makeos/mosdef/repo/changes.go:143.2,146.50 2 54
github.com/makeos/mosdef/repo/changes.go:184.2,184.21 1 54
github.com/makeos/mosdef/repo/changes.go:194.2,194.15 1 54
github.com/makeos/mosdef/repo/changes.go:123.19,125.3 1 1
github.com/makeos/mosdef/repo/changes.go:129.31,131.3 1 32
github.com/makeos/mosdef/repo/changes.go:137.30,139.3 1 20
github.com/makeos/mosdef/repo/changes.go:146.50,154.48 2 68
github.com/makeos/mosdef/repo/changes.go:162.3,162.49 1 42
github.com/makeos/mosdef/repo/changes.go:171.3,171.39 1 27
github.com/makeos/mosdef/repo/changes.go:179.3,179.15 1 27
github.com/makeos/mosdef/repo/changes.go:154.48,157.4 2 26
github.com/makeos/mosdef/repo/changes.go:162.49,165.4 2 15
github.com/makeos/mosdef/repo/changes.go:171.39,173.22 2 14
github.com/makeos/mosdef/repo/changes.go:176.4,176.86 1 14
github.com/makeos/mosdef/repo/changes.go:173.22,175.5 1 0
github.com/makeos/mosdef/repo/changes.go:184.21,185.50 1 22
github.com/makeos/mosdef/repo/changes.go:185.50,186.36 1 23
github.com/makeos/mosdef/repo/changes.go:189.4,190.16 2 1
github.com/makeos/mosdef/repo/changes.go:186.36,188.5 1 22
github.com/makeos/mosdef/repo/changes.go:198.65,200.2 1 54
github.com/makeos/mosdef/repo/changes.go:208.45,210.2 1 149
github.com/makeos/mosdef/repo/changes.go:214.44,216.17 2 4
github.com/makeos/mosdef/repo/changes.go:219.2,219.43 1 4
github.com/makeos/mosdef/repo/changes.go:216.17,218.3 1 0
github.com/makeos/mosdef/repo/changes.go:223.32,225.2 1 3
github.com/makeos/mosdef/repo/changes.go:228.37,233.2 2 0
github.com/makeos/mosdef/repo/changes.go:236.66,242.14 2 55
github.com/makeos/mosdef/repo/changes.go:248.2,248.25 1 54
github.com/makeos/mosdef/repo/changes.go:252.2,254.3 1 54
github.com/makeos/mosdef/repo/changes.go:242.14,244.3 1 1
github.com/makeos/mosdef/repo/changes.go:248.25,250.3 1 54
github.com/makeos/mosdef/repo/changes.go:260.87,263.51 2 97
github.com/makeos/mosdef/repo/changes.go:268.2,269.59 2 97
github.com/makeos/mosdef/repo/changes.go:293.2,295.3 1 97
github.com/makeos/mosdef/repo/changes.go:263.51,265.3 1 9
github.com/makeos/mosdef/repo/changes.go:269.59,271.53 2 97
github.com/makeos/mosdef/repo/changes.go:271.53,274.54 1 192
github.com/makeos/mosdef/repo/changes.go:279.4,279.57 1 95
github.com/makeos/mosdef/repo/changes.go:283.4,289.14 2 83
github.com/makeos/mosdef/repo/changes.go:274.54,276.5 1 97
github.com/makeos/mosdef/repo/changes.go:279.57,281.5 1 12
github.com/makeos/mosdef/repo/manager.go:85.42,123.2 9 65
github.com/makeos/mosdef/repo/manager.go:126.42,128.2 1 0
github.com/makeos/mosdef/repo/manager.go:130.71,132.19 2 3
github.com/makeos/mosdef/repo/manager.go:135.2,135.26 1 3
github.com/makeos/mosdef/repo/manager.go:132.19,134.3 1 0
github.com/makeos/mosdef/repo/manager.go:139.75,142.2 2 2
github.com/makeos/mosdef/repo/manager.go:145.71,148.2 2 3
github.com/makeos/mosdef/repo/manager.go:151.71,155.2 3 2
github.com/makeos/mosdef/repo/manager.go:158.69,162.2 3 2
github.com/makeos/mosdef/repo/manager.go:165.74,167.20 2 6
github.com/makeos/mosdef/repo/manager.go:170.2,171.43 2 6
github.com/makeos/mosdef/repo/manager.go:167.20,169.3 1 5
github.com/makeos/mosdef/repo/manager.go:176.33,181.30 3 0
github.com/makeos/mosdef/repo/manager.go:190.2,194.12 3 0
github.com/makeos/mosdef/repo/manager.go:181.30,184.13 3 0
github.com/makeos/mosdef/repo/manager.go:184.13,187.4 2 0
github.com/makeos/mosdef/repo/manager.go:198.42,200.2 1 0
github.com/makeos/mosdef/repo/manager.go:203.56,205.2 1 0
github.com/makeos/mosdef/repo/manager.go:208.44,210.2 1 2
github.com/makeos/mosdef/repo/manager.go:213.48,215.2 1 2
github.com/makeos/mosdef/repo/manager.go:218.46,220.2 1 1
github.com/makeos/mosdef/repo/manager.go:223.38,225.2 1 0
github.com/makeos/mosdef/repo/manager.go:228.43,230.2 1 0
github.com/makeos/mosdef/repo/manager.go:233.53,240.2 1 0
github.com/makeos/mosdef/repo/manager.go:242.51,244.2 1 4
github.com/makeos/mosdef/repo/manager.go:247.67,254.40 2 0
github.com/makeos/mosdef/repo/manager.go:262.2,268.22 5 0
github.com/makeos/mosdef/repo/manager.go:293.2,295.23 3 0
github.com/makeos/mosdef/repo/manager.go:303.2,304.16 2 0
github.com/makeos/mosdef/repo/manager.go:317.2,335.29 3 0
github.com/makeos/mosdef/repo/manager.go:357.2,357.29 1 0
github.com/makeos/mosdef/repo/manager.go:254.40,259.3 4 0
github.com/makeos/mosdef/repo/manager.go:268.22,272.17 2 0
github.com/makeos/mosdef/repo/manager.go:281.3,282.41 2 0
github.com/makeos/mosdef/repo/manager.go:289.3,289.24 1 0
github.com/makeos/mosdef/repo/manager.go:272.17,277.4 3 0
github.com/makeos/mosdef/repo/manager.go:282.41,287.4 3 0
github.com/makeos/mosdef/repo/manager.go:295.23,300.3 3 0
github.com/makeos/mosdef/repo/manager.go:304.16,306.40 2 0
github.com/makeos/mosdef/repo/manager.go:309.3,314.9 3 0
github.com/makeos/mosdef/repo/manager.go:306.40,308.4 1 0
github.com/makeos/mosdef/repo/manager.go:335.29,340.55 4 0
github.com/makeos/mosdef/repo/manager.go:344.3,344.29 1 0
github.com/makeos/mosdef/repo/manager.go:349.3,350.17 2 0
github.com/makeos/mosdef/repo/manager.go:354.3,354.9 1 0
github.com/makeos/mosdef/repo/manager.go:340.55,341.12 1 0
github.com/makeos/mosdef/repo/manager.go:344.29,347.4 2 0
github.com/makeos/mosdef/repo/manager.go:350.17,352.4 1 0
github.com/makeos/mosdef/repo/manager.go:361.62,363.2 1 4
github.com/makeos/mosdef/repo/manager.go:366.39,368.2 1 0
github.com/makeos/mosdef/repo/manager.go:371.70,373.2 1 0
github.com/makeos/mosdef/repo/manager.go:376.109,378.2 1 40
github.com/makeos/mosdef/repo/manager.go:382.53,384.2 1 19
github.com/makeos/mosdef/repo/manager.go:387.26,389.2 1 0
github.com/makeos/mosdef/repo/manager.go:392.58,395.16 2 4
github.com/makeos/mosdef/repo/manager.go:399.2,399.24 1 3
github.com/makeos/mosdef/repo/manager.go:403.2,404.16 2 2
github.com/makeos/mosdef/repo/manager.go:408.2,409.16 2 1
github.com/makeos/mosdef/repo/manager.go:413.2,413.16 1 0
github.com/makeos/mosdef/repo/manager.go:395.16,397.3 1 1
github.com/makeos/mosdef/repo/manager.go:399.24,401.3 1 1
github.com/makeos/mosdef/repo/manager.go:404.16,406.3 1 1
github.com/makeos/mosdef/repo/manager.go:409.16,411.3 1 1
github.com/makeos/mosdef/repo/manager.go:417.64,419.2 1 0
github.com/makeos/mosdef/repo/manager.go:422.49,424.18 2 0
github.com/makeos/mosdef/repo/manager.go:427.2,427.17 1 0
github.com/makeos/mosdef/repo/manager.go:424.18,426.3 1 0
github.com/makeos/mosdef/repo/manager.go:431.32,437.2 5 0
github.com/makeos/mosdef/repo/pruner.go:26.70,35.2 2 69
github.com/makeos/mosdef/repo/pruner.go:38.44,42.2 3 3
github.com/makeos/mosdef/repo/pruner.go:47.59,51.2 3 0
github.com/makeos/mosdef/repo/pruner.go:57.61,60.68 1 3
github.com/makeos/mosdef/repo/pruner.go:64.2,65.16 2 2
github.com/makeos/mosdef/repo/pruner.go:69.2,69.48 1 2
github.com/makeos/mosdef/repo/pruner.go:73.2,74.12 2 2
github.com/makeos/mosdef/repo/pruner.go:60.68,62.3 1 1
github.com/makeos/mosdef/repo/pruner.go:65.16,67.3 1 0
github.com/makeos/mosdef/repo/pruner.go:69.48,71.3 1 0
github.com/makeos/mosdef/repo/pruner.go:78.26,79.21 1 4
github.com/makeos/mosdef/repo/pruner.go:79.21,81.35 2 0
github.com/makeos/mosdef/repo/pruner.go:84.3,84.17 1 0
github.com/makeos/mosdef/repo/pruner.go:81.35,83.4 1 0
github.com/makeos/mosdef/repo/pruner.go:89.25,91.2 1 4
