mode: atomic
github.com/makeos/mosdef/repo/services.go:35.42,44.12 6 0
github.com/makeos/mosdef/repo/services.go:49.2,50.16 2 0
github.com/makeos/mosdef/repo/services.go:55.2,63.20 5 0
github.com/makeos/mosdef/repo/services.go:69.2,73.1 3 0
github.com/makeos/mosdef/repo/services.go:75.2,83.55 3 0
github.com/makeos/mosdef/repo/services.go:44.12,45.15 1 0
github.com/makeos/mosdef/repo/services.go:50.16,52.3 1 0
github.com/makeos/mosdef/repo/services.go:63.20,66.3 2 0
github.com/makeos/mosdef/repo/services.go:87.43,108.23 15 0
github.com/makeos/mosdef/repo/services.go:113.2,114.16 2 0
github.com/makeos/mosdef/repo/services.go:119.2,120.16 2 0
github.com/makeos/mosdef/repo/services.go:123.2,127.16 3 0
github.com/makeos/mosdef/repo/services.go:133.2,134.42 2 0
github.com/makeos/mosdef/repo/services.go:144.2,144.25 1 0
github.com/makeos/mosdef/repo/services.go:151.2,151.44 1 0
github.com/makeos/mosdef/repo/services.go:157.2,159.16 3 0
github.com/makeos/mosdef/repo/services.go:162.2,163.41 2 0
github.com/makeos/mosdef/repo/services.go:167.2,172.53 4 0
github.com/makeos/mosdef/repo/services.go:178.2,178.17 1 0
github.com/makeos/mosdef/repo/services.go:182.2,182.12 1 0
github.com/makeos/mosdef/repo/services.go:108.23,110.3 1 0
github.com/makeos/mosdef/repo/services.go:114.16,116.3 1 0
github.com/makeos/mosdef/repo/services.go:120.16,122.3 1 0
github.com/makeos/mosdef/repo/services.go:127.16,129.3 1 0
github.com/makeos/mosdef/repo/services.go:135.14,137.23 2 0
github.com/makeos/mosdef/repo/services.go:138.10,140.23 2 0
github.com/makeos/mosdef/repo/services.go:144.25,149.3 4 0
github.com/makeos/mosdef/repo/services.go:151.44,153.3 1 0
github.com/makeos/mosdef/repo/services.go:159.16,161.3 1 0
github.com/makeos/mosdef/repo/services.go:163.41,165.3 1 0
github.com/makeos/mosdef/repo/services.go:172.53,175.3 2 0
github.com/makeos/mosdef/repo/services.go:178.17,180.3 1 0
github.com/makeos/mosdef/repo/gitops.go:29.49,31.2 1 0
github.com/makeos/mosdef/repo/gitops.go:34.50,36.16 2 0
github.com/makeos/mosdef/repo/gitops.go:39.2,39.12 1 0
github.com/makeos/mosdef/repo/gitops.go:36.16,38.3 1 0
github.com/makeos/mosdef/repo/gitops.go:43.62,45.16 2 0
github.com/makeos/mosdef/repo/gitops.go:48.2,48.12 1 0
github.com/makeos/mosdef/repo/gitops.go:45.16,47.3 1 0
github.com/makeos/mosdef/repo/gitops.go:52.50,54.16 2 0
github.com/makeos/mosdef/repo/gitops.go:57.2,57.12 1 0
github.com/makeos/mosdef/repo/gitops.go:54.16,56.3 1 0
github.com/makeos/mosdef/repo/gitops.go:62.57,64.16 2 0
github.com/makeos/mosdef/repo/gitops.go:70.2,70.44 1 0
github.com/makeos/mosdef/repo/gitops.go:64.16,65.71 1 0
github.com/makeos/mosdef/repo/gitops.go:68.3,68.56 1 0
github.com/makeos/mosdef/repo/gitops.go:65.71,67.4 1 0
github.com/makeos/mosdef/repo/gitops.go:75.52,79.16 2 0
github.com/makeos/mosdef/repo/gitops.go:83.2,84.16 2 0
github.com/makeos/mosdef/repo/gitops.go:88.2,88.21 1 0
github.com/makeos/mosdef/repo/gitops.go:92.2,93.16 2 0
github.com/makeos/mosdef/repo/gitops.go:97.2,97.44 1 0
github.com/makeos/mosdef/repo/gitops.go:79.16,81.3 1 0
github.com/makeos/mosdef/repo/gitops.go:84.16,86.3 1 0
github.com/makeos/mosdef/repo/gitops.go:88.21,90.3 1 0
github.com/makeos/mosdef/repo/gitops.go:93.16,95.3 1 0
github.com/makeos/mosdef/repo/gitops.go:102.54,105.11 2 0
github.com/makeos/mosdef/repo/gitops.go:109.2,110.16 2 0
github.com/makeos/mosdef/repo/gitops.go:114.2,114.44 1 0
github.com/makeos/mosdef/repo/gitops.go:105.11,107.3 1 0
github.com/makeos/mosdef/repo/gitops.go:110.16,112.3 1 0
github.com/makeos/mosdef/repo/gitops.go:118.57,121.16 2 0
github.com/makeos/mosdef/repo/gitops.go:127.2,128.30 2 0
github.com/makeos/mosdef/repo/gitops.go:121.16,122.56 1 0
github.com/makeos/mosdef/repo/gitops.go:125.3,125.59 1 0
github.com/makeos/mosdef/repo/gitops.go:122.56,124.4 1 0
github.com/makeos/mosdef/repo/gitops.go:132.48,134.16 2 0
github.com/makeos/mosdef/repo/gitops.go:137.2,137.39 1 0
github.com/makeos/mosdef/repo/gitops.go:134.16,136.3 1 0
github.com/makeos/mosdef/repo/gitops.go:144.85,146.22 2 0
github.com/makeos/mosdef/repo/gitops.go:149.2,155.69 7 0
github.com/makeos/mosdef/repo/gitops.go:146.22,148.3 1 0
github.com/makeos/mosdef/repo/gitops.go:163.95,164.22 1 0
github.com/makeos/mosdef/repo/gitops.go:167.2,174.55 8 0
github.com/makeos/mosdef/repo/gitops.go:164.22,166.3 1 0
github.com/makeos/mosdef/repo/gitops.go:178.109,180.15 2 0
github.com/makeos/mosdef/repo/gitops.go:184.2,191.16 8 0
github.com/makeos/mosdef/repo/gitops.go:196.2,198.30 3 0
github.com/makeos/mosdef/repo/gitops.go:203.2,203.21 1 0
github.com/makeos/mosdef/repo/gitops.go:180.15,182.3 1 0
github.com/makeos/mosdef/repo/gitops.go:191.16,194.3 2 0
github.com/makeos/mosdef/repo/gitops.go:198.30,201.3 2 0
github.com/makeos/mosdef/repo/gitops.go:207.116,209.15 2 0
github.com/makeos/mosdef/repo/gitops.go:212.2,212.28 1 0
github.com/makeos/mosdef/repo/gitops.go:216.2,223.16 8 0
github.com/makeos/mosdef/repo/gitops.go:228.2,230.30 3 0
github.com/makeos/mosdef/repo/gitops.go:235.2,235.25 1 0
github.com/makeos/mosdef/repo/gitops.go:209.15,211.3 1 0
github.com/makeos/mosdef/repo/gitops.go:212.28,214.3 1 0
github.com/makeos/mosdef/repo/gitops.go:223.16,226.3 2 0
github.com/makeos/mosdef/repo/gitops.go:230.30,233.3 2 0
github.com/makeos/mosdef/repo/gitops.go:239.88,247.2 7 0
github.com/makeos/mosdef/repo/gitops.go:250.89,258.2 7 0
github.com/makeos/mosdef/repo/gitops.go:261.61,268.34 7 0
github.com/makeos/mosdef/repo/gitops.go:272.2,272.45 1 0
github.com/makeos/mosdef/repo/gitops.go:268.34,271.3 2 0
github.com/makeos/mosdef/repo/pushpool.go:30.65,32.2 1 0
github.com/makeos/mosdef/repo/pushpool.go:35.49,38.2 2 0
github.com/makeos/mosdef/repo/pushpool.go:41.59,44.2 2 0
github.com/makeos/mosdef/repo/pushpool.go:47.47,49.2 1 0
github.com/makeos/mosdef/repo/pushpool.go:54.42,56.2 1 0
github.com/makeos/mosdef/repo/pushpool.go:59.58,61.2 1 0
github.com/makeos/mosdef/repo/pushpool.go:64.56,66.9 2 0
github.com/makeos/mosdef/repo/pushpool.go:69.2,69.14 1 0
github.com/makeos/mosdef/repo/pushpool.go:66.9,68.3 1 0
github.com/makeos/mosdef/repo/pushpool.go:73.47,75.2 1 0
github.com/makeos/mosdef/repo/pushpool.go:78.41,81.2 2 0
github.com/makeos/mosdef/repo/pushpool.go:94.37,105.12 3 2
github.com/makeos/mosdef/repo/pushpool.go:111.2,111.13 1 2
github.com/makeos/mosdef/repo/pushpool.go:105.12,106.20 1 2
github.com/makeos/mosdef/repo/pushpool.go:106.20,108.4 1 0
github.com/makeos/mosdef/repo/pushpool.go:115.32,120.2 4 0
github.com/makeos/mosdef/repo/pushpool.go:133.47,135.14 1 0
github.com/makeos/mosdef/repo/pushpool.go:139.2,143.30 4 0
github.com/makeos/mosdef/repo/pushpool.go:147.2,157.46 6 0
github.com/makeos/mosdef/repo/pushpool.go:192.2,192.26 1 0
github.com/makeos/mosdef/repo/pushpool.go:202.2,206.41 3 0
github.com/makeos/mosdef/repo/pushpool.go:211.2,213.12 2 0
github.com/makeos/mosdef/repo/pushpool.go:135.14,137.3 1 0
github.com/makeos/mosdef/repo/pushpool.go:143.30,145.3 1 0
github.com/makeos/mosdef/repo/pushpool.go:157.46,160.28 2 0
github.com/makeos/mosdef/repo/pushpool.go:167.3,167.35 1 0
github.com/makeos/mosdef/repo/pushpool.go:172.3,173.26 2 0
github.com/makeos/mosdef/repo/pushpool.go:177.3,177.87 1 0
github.com/makeos/mosdef/repo/pushpool.go:183.3,184.38 2 0
github.com/makeos/mosdef/repo/pushpool.go:160.28,161.12 1 0
github.com/makeos/mosdef/repo/pushpool.go:167.35,170.4 1 0
github.com/makeos/mosdef/repo/pushpool.go:173.26,174.74 1 0
github.com/makeos/mosdef/repo/pushpool.go:177.87,181.4 2 0
github.com/makeos/mosdef/repo/pushpool.go:184.38,187.4 2 0
github.com/makeos/mosdef/repo/pushpool.go:192.26,193.75 1 0
github.com/makeos/mosdef/repo/pushpool.go:198.3,198.52 1 0
github.com/makeos/mosdef/repo/pushpool.go:193.75,197.4 2 0
github.com/makeos/mosdef/repo/pushpool.go:206.41,209.3 2 0
github.com/makeos/mosdef/repo/pushpool.go:218.42,220.36 2 0
github.com/makeos/mosdef/repo/pushpool.go:220.36,223.3 2 0
github.com/makeos/mosdef/repo/pushpool.go:228.43,229.67 1 0
github.com/makeos/mosdef/repo/pushpool.go:238.2,238.43 1 0
github.com/makeos/mosdef/repo/pushpool.go:229.67,230.43 1 0
github.com/makeos/mosdef/repo/pushpool.go:236.3,236.14 1 0
github.com/makeos/mosdef/repo/pushpool.go:230.43,232.4 1 0
github.com/makeos/mosdef/repo/pushpool.go:232.13,235.4 2 0
github.com/makeos/mosdef/repo/pushpool.go:242.47,245.2 1 0
github.com/makeos/mosdef/repo/pushpool.go:248.28,250.2 0 0
github.com/makeos/mosdef/repo/pushpool.go:253.53,256.2 1 0
github.com/makeos/mosdef/repo/pushpool.go:260.32,263.67 3 0
github.com/makeos/mosdef/repo/pushpool.go:270.2,270.43 1 0
github.com/makeos/mosdef/repo/pushpool.go:263.67,264.80 1 0
github.com/makeos/mosdef/repo/pushpool.go:268.3,268.14 1 0
github.com/makeos/mosdef/repo/pushpool.go:264.80,267.4 2 0
github.com/makeos/mosdef/repo/service_helpers.go:23.65,28.24 4 0
github.com/makeos/mosdef/repo/service_helpers.go:33.2,37.12 5 0
github.com/makeos/mosdef/repo/service_helpers.go:28.24,31.3 2 0
github.com/makeos/mosdef/repo/service_helpers.go:41.41,44.2 2 0
github.com/makeos/mosdef/repo/service_helpers.go:49.76,53.16 4 0
github.com/makeos/mosdef/repo/service_helpers.go:57.2,57.17 1 0
github.com/makeos/mosdef/repo/service_helpers.go:53.16,56.3 1 0
github.com/makeos/mosdef/repo/service_helpers.go:63.101,67.16 4 0
github.com/makeos/mosdef/repo/service_helpers.go:71.2,72.16 2 0
github.com/makeos/mosdef/repo/service_helpers.go:75.2,75.21 1 0
github.com/makeos/mosdef/repo/service_helpers.go:67.16,70.3 1 0
github.com/makeos/mosdef/repo/service_helpers.go:72.16,74.3 1 0
github.com/makeos/mosdef/repo/service_helpers.go:79.41,82.2 2 0
github.com/makeos/mosdef/repo/service_helpers.go:84.41,86.2 1 0
github.com/makeos/mosdef/repo/service_helpers.go:89.40,93.2 3 0
github.com/makeos/mosdef/repo/service_helpers.go:96.45,102.2 5 0
github.com/makeos/mosdef/repo/service_helpers.go:105.27,107.2 1 0
github.com/makeos/mosdef/repo/service_helpers.go:110.37,113.19 2 0
github.com/makeos/mosdef/repo/service_helpers.go:117.2,117.24 1 0
github.com/makeos/mosdef/repo/service_helpers.go:113.19,115.3 1 0
github.com/makeos/mosdef/repo/service_helpers.go:122.68,123.27 1 0
github.com/makeos/mosdef/repo/service_helpers.go:123.27,126.3 2 0
github.com/makeos/mosdef/repo/service_helpers.go:126.8,129.3 2 0
github.com/makeos/mosdef/repo/service_helpers.go:132.62,135.2 2 0
github.com/makeos/mosdef/repo/service_helpers.go:138.42,140.2 1 0
github.com/makeos/mosdef/repo/service_helpers.go:143.45,146.2 2 0
github.com/makeos/mosdef/repo/service_helpers.go:149.43,152.2 2 0
github.com/makeos/mosdef/repo/service_helpers.go:155.42,158.2 2 0
github.com/makeos/mosdef/repo/service_helpers.go:161.41,164.2 2 0
github.com/makeos/mosdef/repo/service_helpers.go:166.37,168.2 1 0
github.com/makeos/mosdef/repo/create.go:13.55,17.41 2 0
github.com/makeos/mosdef/repo/create.go:22.2,23.16 2 0
github.com/makeos/mosdef/repo/create.go:28.2,31.30 2 0
github.com/makeos/mosdef/repo/create.go:38.2,38.12 1 0
github.com/makeos/mosdef/repo/create.go:17.41,19.3 1 0
github.com/makeos/mosdef/repo/create.go:23.16,25.3 1 0
github.com/makeos/mosdef/repo/create.go:31.30,33.17 2 0
github.com/makeos/mosdef/repo/create.go:33.17,35.4 1 0
github.com/makeos/mosdef/repo/create.go:43.51,46.49 2 0
github.com/makeos/mosdef/repo/create.go:50.2,50.47 1 0
github.com/makeos/mosdef/repo/create.go:54.2,54.13 1 0
github.com/makeos/mosdef/repo/create.go:46.49,48.3 1 0
github.com/makeos/mosdef/repo/create.go:50.47,52.3 1 0
github.com/makeos/mosdef/repo/db_ops.go:14.57,16.2 1 0
github.com/makeos/mosdef/repo/db_ops.go:19.37,21.2 1 0
github.com/makeos/mosdef/repo/pushtx.go:25.70,28.2 1 0
github.com/makeos/mosdef/repo/pushtx.go:31.70,34.2 1 0
github.com/makeos/mosdef/repo/pushtx.go:48.61,51.2 1 0
github.com/makeos/mosdef/repo/pushtx.go:54.61,57.2 1 0
github.com/makeos/mosdef/repo/pushtx.go:60.34,62.2 1 0
github.com/makeos/mosdef/repo/pushtx.go:66.40,68.34 2 0
github.com/makeos/mosdef/repo/pushtx.go:72.2,72.40 1 0
github.com/makeos/mosdef/repo/pushtx.go:68.34,70.3 1 0
github.com/makeos/mosdef/repo/pushtx.go:76.32,78.2 1 0
github.com/makeos/mosdef/repo/pushtx.go:81.34,83.2 1 0
github.com/makeos/mosdef/repo/pushtx.go:86.33,88.2 1 0
github.com/makeos/mosdef/repo/pushtx.go:91.41,93.2 1 0
github.com/makeos/mosdef/repo/pushtx.go:96.42,98.34 2 0
github.com/makeos/mosdef/repo/pushtx.go:101.2,101.34 1 0
github.com/makeos/mosdef/repo/pushtx.go:98.34,100.3 1 0
github.com/makeos/mosdef/repo/validate.go:24.63,31.37 5 0
github.com/makeos/mosdef/repo/validate.go:34.2,34.34 1 0
github.com/makeos/mosdef/repo/validate.go:38.2,38.35 1 0
github.com/makeos/mosdef/repo/validate.go:42.2,44.1 2 0
github.com/makeos/mosdef/repo/validate.go:45.2,46.16 2 0
github.com/makeos/mosdef/repo/validate.go:49.2,51.1 2 0
github.com/makeos/mosdef/repo/validate.go:52.2,53.16 2 0
github.com/makeos/mosdef/repo/validate.go:58.2,59.53 2 0
github.com/makeos/mosdef/repo/validate.go:65.2,65.19 1 0
github.com/makeos/mosdef/repo/validate.go:75.2,77.1 2 0
github.com/makeos/mosdef/repo/validate.go:78.2,79.51 2 0
github.com/makeos/mosdef/repo/validate.go:31.37,32.22 1 0
github.com/makeos/mosdef/repo/validate.go:34.34,35.19 1 0
github.com/makeos/mosdef/repo/validate.go:38.35,39.21 1 0
github.com/makeos/mosdef/repo/validate.go:46.16,48.3 1 0
github.com/makeos/mosdef/repo/validate.go:53.16,55.3 1 0
github.com/makeos/mosdef/repo/validate.go:59.53,61.3 1 0
github.com/makeos/mosdef/repo/validate.go:65.19,67.17 2 0
github.com/makeos/mosdef/repo/validate.go:70.3,70.58 1 0
github.com/makeos/mosdef/repo/validate.go:67.17,69.4 1 0
github.com/makeos/mosdef/repo/validate.go:89.63,93.16 2 0
github.com/makeos/mosdef/repo/validate.go:100.2,101.32 2 0
github.com/makeos/mosdef/repo/validate.go:119.2,119.19 1 0
github.com/makeos/mosdef/repo/validate.go:124.2,125.16 2 0
github.com/makeos/mosdef/repo/validate.go:128.2,129.16 2 0
github.com/makeos/mosdef/repo/validate.go:132.2,133.16 2 0
github.com/makeos/mosdef/repo/validate.go:138.2,139.16 2 0
github.com/makeos/mosdef/repo/validate.go:143.2,144.16 2 0
github.com/makeos/mosdef/repo/validate.go:152.2,154.16 3 0
github.com/makeos/mosdef/repo/validate.go:169.2,171.16 3 0
github.com/makeos/mosdef/repo/validate.go:176.2,176.20 1 0
github.com/makeos/mosdef/repo/validate.go:93.16,96.3 2 0
github.com/makeos/mosdef/repo/validate.go:101.32,103.17 2 0
github.com/makeos/mosdef/repo/validate.go:106.3,107.17 2 0
github.com/makeos/mosdef/repo/validate.go:110.3,112.42 3 0
github.com/makeos/mosdef/repo/validate.go:103.17,105.4 1 0
github.com/makeos/mosdef/repo/validate.go:107.17,109.4 1 0
github.com/makeos/mosdef/repo/validate.go:112.42,114.9 2 0
github.com/makeos/mosdef/repo/validate.go:119.19,121.3 1 0
github.com/makeos/mosdef/repo/validate.go:125.16,127.3 1 0
github.com/makeos/mosdef/repo/validate.go:129.16,131.3 1 0
github.com/makeos/mosdef/repo/validate.go:133.16,135.3 1 0
github.com/makeos/mosdef/repo/validate.go:139.16,142.3 2 0
github.com/makeos/mosdef/repo/validate.go:144.16,147.3 2 0
github.com/makeos/mosdef/repo/validate.go:154.16,156.3 1 0
github.com/makeos/mosdef/repo/validate.go:156.8,156.27 1 0
github.com/makeos/mosdef/repo/validate.go:156.27,158.17 2 0
github.com/makeos/mosdef/repo/validate.go:161.3,162.17 2 0
github.com/makeos/mosdef/repo/validate.go:165.3,165.34 1 0
github.com/makeos/mosdef/repo/validate.go:158.17,160.4 1 0
github.com/makeos/mosdef/repo/validate.go:162.17,164.4 1 0
github.com/makeos/mosdef/repo/validate.go:171.16,174.3 2 0
github.com/makeos/mosdef/repo/validate.go:186.63,190.16 2 0
github.com/makeos/mosdef/repo/validate.go:195.2,195.28 1 0
github.com/makeos/mosdef/repo/validate.go:201.2,202.16 2 0
github.com/makeos/mosdef/repo/validate.go:208.2,208.45 1 0
github.com/makeos/mosdef/repo/validate.go:213.2,214.16 2 0
github.com/makeos/mosdef/repo/validate.go:217.2,217.57 1 0
github.com/makeos/mosdef/repo/validate.go:190.16,193.3 2 0
github.com/makeos/mosdef/repo/validate.go:195.28,198.3 2 0
github.com/makeos/mosdef/repo/validate.go:202.16,205.3 2 0
github.com/makeos/mosdef/repo/validate.go:208.45,211.3 2 0
github.com/makeos/mosdef/repo/validate.go:214.16,216.3 1 0
github.com/makeos/mosdef/repo/validate.go:229.63,232.18 2 0
github.com/makeos/mosdef/repo/validate.go:237.2,238.16 2 0
github.com/makeos/mosdef/repo/validate.go:243.2,243.31 1 0
github.com/makeos/mosdef/repo/validate.go:249.2,250.16 2 0
github.com/makeos/mosdef/repo/validate.go:256.2,256.48 1 0
github.com/makeos/mosdef/repo/validate.go:261.2,261.20 1 0
github.com/makeos/mosdef/repo/validate.go:232.18,234.3 1 0
github.com/makeos/mosdef/repo/validate.go:238.16,241.3 2 0
github.com/makeos/mosdef/repo/validate.go:243.31,246.3 2 0
github.com/makeos/mosdef/repo/validate.go:250.16,253.3 2 0
github.com/makeos/mosdef/repo/validate.go:256.48,259.3 2 0
github.com/makeos/mosdef/repo/changes.go:16.33,18.2 1 0
github.com/makeos/mosdef/repo/changes.go:21.33,23.2 1 0
github.com/makeos/mosdef/repo/changes.go:26.33,28.2 1 0
github.com/makeos/mosdef/repo/changes.go:31.42,35.2 1 0
github.com/makeos/mosdef/repo/changes.go:43.49,45.2 1 0
github.com/makeos/mosdef/repo/changes.go:48.46,50.2 1 0
github.com/makeos/mosdef/repo/changes.go:53.52,55.9 2 0
github.com/makeos/mosdef/repo/changes.go:58.2,58.12 1 0
github.com/makeos/mosdef/repo/changes.go:55.9,57.3 1 0
github.com/makeos/mosdef/repo/changes.go:62.45,63.45 1 0
github.com/makeos/mosdef/repo/changes.go:66.2,66.34 1 0
github.com/makeos/mosdef/repo/changes.go:72.2,72.13 1 0
github.com/makeos/mosdef/repo/changes.go:63.45,65.3 1 0
github.com/makeos/mosdef/repo/changes.go:66.34,68.60 2 0
github.com/makeos/mosdef/repo/changes.go:68.60,70.4 1 0
github.com/makeos/mosdef/repo/changes.go:76.31,78.2 1 0
github.com/makeos/mosdef/repo/changes.go:83.61,84.29 1 0
github.com/makeos/mosdef/repo/changes.go:84.29,85.18 1 0
github.com/makeos/mosdef/repo/changes.go:85.18,86.9 1 0
github.com/makeos/mosdef/repo/changes.go:92.34,96.29 2 0
github.com/makeos/mosdef/repo/changes.go:99.2,99.33 1 0
github.com/makeos/mosdef/repo/changes.go:96.29,98.3 1 0
github.com/makeos/mosdef/repo/changes.go:103.36,105.2 1 0
github.com/makeos/mosdef/repo/changes.go:107.46,109.2 1 0
github.com/makeos/mosdef/repo/changes.go:111.76,113.2 1 0
github.com/makeos/mosdef/repo/changes.go:118.62,120.19 2 0
github.com/makeos/mosdef/repo/changes.go:126.2,126.31 1 0
github.com/makeos/mosdef/repo/changes.go:133.2,134.30 2 0
github.com/makeos/mosdef/repo/changes.go:140.2,143.50 2 0
github.com/makeos/mosdef/repo/changes.go:181.2,181.21 1 0
github.com/makeos/mosdef/repo/changes.go:191.2,191.15 1 0
github.com/makeos/mosdef/repo/changes.go:120.19,122.3 1 0
github.com/makeos/mosdef/repo/changes.go:126.31,128.3 1 0
github.com/makeos/mosdef/repo/changes.go:134.30,136.3 1 0
github.com/makeos/mosdef/repo/changes.go:143.50,151.48 2 0
github.com/makeos/mosdef/repo/changes.go:159.3,159.49 1 0
github.com/makeos/mosdef/repo/changes.go:168.3,168.39 1 0
github.com/makeos/mosdef/repo/changes.go:176.3,176.15 1 0
github.com/makeos/mosdef/repo/changes.go:151.48,154.4 2 0
github.com/makeos/mosdef/repo/changes.go:159.49,162.4 2 0
github.com/makeos/mosdef/repo/changes.go:168.39,170.22 2 0
github.com/makeos/mosdef/repo/changes.go:173.4,173.86 1 0
github.com/makeos/mosdef/repo/changes.go:170.22,172.5 1 0
github.com/makeos/mosdef/repo/changes.go:181.21,182.50 1 0
github.com/makeos/mosdef/repo/changes.go:182.50,183.36 1 0
github.com/makeos/mosdef/repo/changes.go:186.4,187.16 2 0
github.com/makeos/mosdef/repo/changes.go:183.36,185.5 1 0
github.com/makeos/mosdef/repo/changes.go:195.65,197.2 1 0
github.com/makeos/mosdef/repo/changes.go:205.45,207.2 1 0
github.com/makeos/mosdef/repo/changes.go:211.44,213.17 2 0
github.com/makeos/mosdef/repo/changes.go:216.2,216.43 1 0
github.com/makeos/mosdef/repo/changes.go:213.17,215.3 1 0
github.com/makeos/mosdef/repo/changes.go:220.32,222.2 1 0
github.com/makeos/mosdef/repo/changes.go:225.34,230.2 2 0
github.com/makeos/mosdef/repo/changes.go:233.66,239.14 2 0
github.com/makeos/mosdef/repo/changes.go:245.2,245.25 1 0
github.com/makeos/mosdef/repo/changes.go:249.2,251.3 1 0
github.com/makeos/mosdef/repo/changes.go:239.14,241.3 1 0
github.com/makeos/mosdef/repo/changes.go:245.25,247.3 1 0
github.com/makeos/mosdef/repo/common.go:13.65,14.30 1 0
github.com/makeos/mosdef/repo/common.go:19.2,19.12 1 0
github.com/makeos/mosdef/repo/common.go:14.30,15.21 1 0
github.com/makeos/mosdef/repo/common.go:15.21,17.4 1 0
github.com/makeos/mosdef/repo/common.go:22.42,24.2 1 0
github.com/makeos/mosdef/repo/common.go:26.51,28.2 1 0
github.com/makeos/mosdef/repo/common.go:31.57,33.2 1 0
github.com/makeos/mosdef/repo/common.go:36.82,38.21 2 2
github.com/makeos/mosdef/repo/common.go:41.2,41.32 1 1
github.com/makeos/mosdef/repo/common.go:38.21,40.3 1 1
github.com/makeos/mosdef/repo/revert.go:33.130,38.20 3 0
github.com/makeos/mosdef/repo/revert.go:43.2,43.66 1 0
github.com/makeos/mosdef/repo/revert.go:76.2,76.51 1 0
github.com/makeos/mosdef/repo/revert.go:80.2,80.38 1 0
github.com/makeos/mosdef/repo/revert.go:38.20,40.3 1 0
github.com/makeos/mosdef/repo/revert.go:43.66,48.24 3 0
github.com/makeos/mosdef/repo/revert.go:57.3,57.21 1 0
github.com/makeos/mosdef/repo/revert.go:66.3,66.22 1 0
github.com/makeos/mosdef/repo/revert.go:48.24,50.18 2 0
github.com/makeos/mosdef/repo/revert.go:53.4,53.38 1 0
github.com/makeos/mosdef/repo/revert.go:50.18,52.5 1 0
github.com/makeos/mosdef/repo/revert.go:57.21,59.18 2 0
github.com/makeos/mosdef/repo/revert.go:62.4,62.38 1 0
github.com/makeos/mosdef/repo/revert.go:59.18,61.5 1 0
github.com/makeos/mosdef/repo/revert.go:66.22,68.18 2 0
github.com/makeos/mosdef/repo/revert.go:71.4,71.38 1 0
github.com/makeos/mosdef/repo/revert.go:68.18,70.5 1 0
github.com/makeos/mosdef/repo/revert.go:76.51,78.3 1 0
github.com/makeos/mosdef/repo/revert.go:86.70,87.33 1 0
github.com/makeos/mosdef/repo/revert.go:103.2,103.8 1 0
github.com/makeos/mosdef/repo/revert.go:87.33,88.22 1 0
github.com/makeos/mosdef/repo/revert.go:89.31,90.37 1 0
github.com/makeos/mosdef/repo/revert.go:91.31,92.78 1 0
github.com/makeos/mosdef/repo/revert.go:93.28,94.37 1 0
github.com/makeos/mosdef/repo/revert.go:95.31,96.78 1 0
github.com/makeos/mosdef/repo/revert.go:97.29,98.37 1 0
github.com/makeos/mosdef/repo/revert.go:99.29,100.78 1 0
github.com/makeos/mosdef/repo/revert.go:107.74,108.41 1 0
github.com/makeos/mosdef/repo/revert.go:115.2,115.8 1 0
github.com/makeos/mosdef/repo/revert.go:108.41,109.29 1 0
github.com/makeos/mosdef/repo/revert.go:113.3,113.15 1 0
github.com/makeos/mosdef/repo/revert.go:109.29,112.4 2 0
github.com/makeos/mosdef/repo/revert.go:119.36,121.2 1 0
github.com/makeos/mosdef/repo/revert.go:124.33,126.2 1 0
github.com/makeos/mosdef/repo/revert.go:129.34,131.2 1 0
github.com/makeos/mosdef/repo/revert.go:146.96,151.26 3 0
github.com/makeos/mosdef/repo/revert.go:162.2,162.21 1 0
github.com/makeos/mosdef/repo/revert.go:152.30,153.85 1 0
github.com/makeos/mosdef/repo/revert.go:154.27,155.82 1 0
github.com/makeos/mosdef/repo/revert.go:156.30,157.93 1 0
github.com/makeos/mosdef/repo/revert.go:158.10,159.48 1 0
github.com/makeos/mosdef/repo/revert.go:171.90,176.23 3 0
github.com/makeos/mosdef/repo/revert.go:188.2,188.21 1 0
github.com/makeos/mosdef/repo/revert.go:177.27,179.84 2 0
github.com/makeos/mosdef/repo/revert.go:180.30,181.85 1 0
github.com/makeos/mosdef/repo/revert.go:182.30,183.90 1 0
github.com/makeos/mosdef/repo/revert.go:184.10,185.48 1 0
github.com/makeos/mosdef/repo/revert.go:197.92,202.24 3 0
github.com/makeos/mosdef/repo/revert.go:213.2,213.21 1 0
github.com/makeos/mosdef/repo/revert.go:203.27,204.80 1 0
github.com/makeos/mosdef/repo/revert.go:205.30,206.83 1 0
github.com/makeos/mosdef/repo/revert.go:207.30,208.89 1 0
github.com/makeos/mosdef/repo/revert.go:209.10,210.48 1 0
github.com/makeos/mosdef/repo/push_reader.go:31.52,32.23 1 0
github.com/makeos/mosdef/repo/push_reader.go:35.2,35.8 1 0
github.com/makeos/mosdef/repo/push_reader.go:32.23,34.3 1 0
github.com/makeos/mosdef/repo/push_reader.go:62.19,65.2 2 0
github.com/makeos/mosdef/repo/push_reader.go:68.36,71.2 2 0
github.com/makeos/mosdef/repo/push_reader.go:73.58,73.72 1 0
github.com/makeos/mosdef/repo/push_reader.go:74.58,74.72 1 0
github.com/makeos/mosdef/repo/push_reader.go:78.82,80.16 2 0
github.com/makeos/mosdef/repo/push_reader.go:84.2,88.8 1 0
github.com/makeos/mosdef/repo/push_reader.go:80.16,82.3 1 0
github.com/makeos/mosdef/repo/push_reader.go:92.51,94.2 1 0
github.com/makeos/mosdef/repo/push_reader.go:98.35,115.16 9 0
github.com/makeos/mosdef/repo/push_reader.go:119.2,119.17 1 0
github.com/makeos/mosdef/repo/push_reader.go:115.16,117.3 1 0
github.com/makeos/mosdef/repo/push_reader.go:123.92,126.16 3 0
github.com/makeos/mosdef/repo/push_reader.go:129.2,129.50 1 0
github.com/makeos/mosdef/repo/push_reader.go:132.2,132.33 1 0
github.com/makeos/mosdef/repo/push_reader.go:126.16,128.3 1 0
github.com/makeos/mosdef/repo/push_reader.go:129.50,131.3 1 0
github.com/makeos/mosdef/repo/push_reader.go:136.100,137.6 1 0
github.com/makeos/mosdef/repo/push_reader.go:151.2,151.8 1 0
github.com/makeos/mosdef/repo/push_reader.go:137.6,138.22 1 0
github.com/makeos/mosdef/repo/push_reader.go:141.3,142.22 2 0
github.com/makeos/mosdef/repo/push_reader.go:138.22,139.9 1 0
github.com/makeos/mosdef/repo/push_reader.go:142.22,149.4 2 0
github.com/makeos/mosdef/repo/push_reader.go:156.41,159.53 2 0
github.com/makeos/mosdef/repo/push_reader.go:163.2,163.42 1 0
github.com/makeos/mosdef/repo/push_reader.go:167.2,167.37 1 0
github.com/makeos/mosdef/repo/push_reader.go:172.2,175.16 3 0
github.com/makeos/mosdef/repo/push_reader.go:179.2,181.8 2 0
github.com/makeos/mosdef/repo/push_reader.go:159.53,161.3 1 0
github.com/makeos/mosdef/repo/push_reader.go:163.42,165.3 1 0
github.com/makeos/mosdef/repo/push_reader.go:167.37,169.3 1 0
github.com/makeos/mosdef/repo/push_reader.go:175.16,177.3 1 0
github.com/makeos/mosdef/repo/push_reader.go:188.58,190.9 2 0
github.com/makeos/mosdef/repo/push_reader.go:193.2,194.25 2 0
github.com/makeos/mosdef/repo/push_reader.go:199.2,200.12 2 0
github.com/makeos/mosdef/repo/push_reader.go:190.9,192.3 1 0
github.com/makeos/mosdef/repo/push_reader.go:194.25,195.15 1 0
github.com/makeos/mosdef/repo/push_reader.go:195.15,197.4 1 0
github.com/makeos/mosdef/repo/push_reader.go:204.62,205.28 1 0
github.com/makeos/mosdef/repo/push_reader.go:210.2,210.8 1 0
github.com/makeos/mosdef/repo/push_reader.go:205.28,206.37 1 0
github.com/makeos/mosdef/repo/push_reader.go:206.37,208.4 1 0
github.com/makeos/mosdef/repo/push_reader.go:215.59,218.25 2 0
github.com/makeos/mosdef/repo/push_reader.go:222.2,222.43 1 0
github.com/makeos/mosdef/repo/push_reader.go:272.2,272.22 1 0
github.com/makeos/mosdef/repo/push_reader.go:218.25,220.3 1 0
github.com/makeos/mosdef/repo/push_reader.go:222.43,227.17 4 0
github.com/makeos/mosdef/repo/push_reader.go:231.3,232.17 2 0
github.com/makeos/mosdef/repo/push_reader.go:236.3,238.39 2 0
github.com/makeos/mosdef/repo/push_reader.go:245.3,245.36 1 0
github.com/makeos/mosdef/repo/push_reader.go:257.3,257.33 1 0
github.com/makeos/mosdef/repo/push_reader.go:227.17,229.4 1 0
github.com/makeos/mosdef/repo/push_reader.go:232.17,234.4 1 0
github.com/makeos/mosdef/repo/push_reader.go:238.39,240.18 2 0
github.com/makeos/mosdef/repo/push_reader.go:240.18,242.5 1 0
github.com/makeos/mosdef/repo/push_reader.go:245.36,247.18 2 0
github.com/makeos/mosdef/repo/push_reader.go:250.4,251.18 2 0
github.com/makeos/mosdef/repo/push_reader.go:254.4,254.62 1 0
github.com/makeos/mosdef/repo/push_reader.go:247.18,249.5 1 0
github.com/makeos/mosdef/repo/push_reader.go:251.18,253.5 1 0
github.com/makeos/mosdef/repo/push_reader.go:257.33,258.55 1 0
github.com/makeos/mosdef/repo/push_reader.go:258.55,260.12 2 0
github.com/makeos/mosdef/repo/push_reader.go:263.5,263.43 1 0
github.com/makeos/mosdef/repo/push_reader.go:266.5,266.42 1 0
github.com/makeos/mosdef/repo/push_reader.go:260.12,262.6 1 0
github.com/makeos/mosdef/repo/push_reader.go:263.43,265.6 1 0
github.com/makeos/mosdef/repo/repo.go:34.42,36.2 1 0
github.com/makeos/mosdef/repo/repo.go:39.30,41.2 1 0
github.com/makeos/mosdef/repo/repo.go:44.59,46.2 1 0
github.com/makeos/mosdef/repo/repo.go:49.48,51.2 1 0
github.com/makeos/mosdef/repo/repo.go:54.60,56.2 1 0
github.com/makeos/mosdef/repo/repo.go:59.55,61.2 1 0
github.com/makeos/mosdef/repo/repo.go:64.48,66.2 1 0
github.com/makeos/mosdef/repo/repo.go:70.9,72.2 1 0
github.com/makeos/mosdef/repo/repo.go:75.55,77.2 1 0
github.com/makeos/mosdef/repo/repo.go:80.99,82.2 1 0
github.com/makeos/mosdef/repo/repo.go:85.86,87.2 1 0
github.com/makeos/mosdef/repo/repo.go:90.54,92.2 1 0
github.com/makeos/mosdef/repo/repo.go:95.59,97.2 1 0
github.com/makeos/mosdef/repo/repo.go:100.70,102.2 1 0
github.com/makeos/mosdef/repo/repo.go:105.66,107.2 1 0
github.com/makeos/mosdef/repo/repo.go:110.64,112.2 1 0
github.com/makeos/mosdef/repo/repo.go:115.62,117.2 1 0
github.com/makeos/mosdef/repo/repo.go:120.49,122.2 1 0
github.com/makeos/mosdef/repo/repo.go:125.46,127.2 1 0
github.com/makeos/mosdef/repo/repo.go:131.50,133.2 1 0
github.com/makeos/mosdef/repo/repo.go:139.83,141.2 1 0
github.com/makeos/mosdef/repo/repo.go:148.93,150.2 1 0
github.com/makeos/mosdef/repo/repo.go:153.86,155.2 1 0
github.com/makeos/mosdef/repo/repo.go:158.59,160.2 1 0
github.com/makeos/mosdef/repo/repo.go:163.87,165.2 1 0
github.com/makeos/mosdef/repo/repo.go:169.35,171.2 1 0
github.com/makeos/mosdef/repo/repo.go:174.33,176.2 1 0
github.com/makeos/mosdef/repo/repo.go:178.51,180.16 2 2
github.com/makeos/mosdef/repo/repo.go:183.2,186.8 1 2
github.com/makeos/mosdef/repo/repo.go:180.16,182.3 1 0
github.com/makeos/mosdef/repo/repo.go:189.73,191.16 2 0
github.com/makeos/mosdef/repo/repo.go:194.2,198.8 1 0
github.com/makeos/mosdef/repo/repo.go:191.16,193.3 1 0
github.com/makeos/mosdef/repo/repo.go:203.65,205.16 2 0
github.com/makeos/mosdef/repo/repo.go:211.2,212.16 2 0
github.com/makeos/mosdef/repo/repo.go:218.2,218.18 1 0
github.com/makeos/mosdef/repo/repo.go:205.16,207.3 1 0
github.com/makeos/mosdef/repo/repo.go:212.16,214.3 1 0
github.com/makeos/mosdef/repo/repo.go:214.8,214.61 1 0
github.com/makeos/mosdef/repo/repo.go:214.61,216.3 1 0
github.com/makeos/mosdef/repo/repo.go:226.85,229.16 2 0
github.com/makeos/mosdef/repo/repo.go:234.2,234.22 1 0
github.com/makeos/mosdef/repo/repo.go:237.2,237.22 1 0
github.com/makeos/mosdef/repo/repo.go:242.2,243.16 2 0
github.com/makeos/mosdef/repo/repo.go:250.2,255.16 4 0
github.com/makeos/mosdef/repo/repo.go:260.2,270.67 4 0
github.com/makeos/mosdef/repo/repo.go:274.2,274.12 1 0
github.com/makeos/mosdef/repo/repo.go:229.16,231.3 1 0
github.com/makeos/mosdef/repo/repo.go:234.22,236.3 1 0
github.com/makeos/mosdef/repo/repo.go:237.22,239.3 1 0
github.com/makeos/mosdef/repo/repo.go:243.16,244.26 1 0
github.com/makeos/mosdef/repo/repo.go:247.3,247.13 1 0
github.com/makeos/mosdef/repo/repo.go:244.26,246.4 1 0
github.com/makeos/mosdef/repo/repo.go:255.16,257.3 1 0
github.com/makeos/mosdef/repo/repo.go:270.67,272.3 1 0
github.com/makeos/mosdef/repo/repo.go:278.96,281.16 2 0
github.com/makeos/mosdef/repo/repo.go:285.2,288.23 2 0
github.com/makeos/mosdef/repo/repo.go:292.2,292.22 1 0
github.com/makeos/mosdef/repo/repo.go:296.2,296.22 1 0
github.com/makeos/mosdef/repo/repo.go:301.2,302.30 2 0
github.com/makeos/mosdef/repo/repo.go:309.2,313.16 3 0
github.com/makeos/mosdef/repo/repo.go:318.2,328.68 4 0
github.com/makeos/mosdef/repo/repo.go:332.2,332.12 1 0
github.com/makeos/mosdef/repo/repo.go:281.16,283.3 1 0
github.com/makeos/mosdef/repo/repo.go:288.23,290.3 1 0
github.com/makeos/mosdef/repo/repo.go:292.22,294.3 1 0
github.com/makeos/mosdef/repo/repo.go:296.22,298.3 1 0
github.com/makeos/mosdef/repo/repo.go:302.30,304.3 1 0
github.com/makeos/mosdef/repo/repo.go:304.8,304.49 1 0
github.com/makeos/mosdef/repo/repo.go:304.49,306.3 1 0
github.com/makeos/mosdef/repo/repo.go:313.16,315.3 1 0
github.com/makeos/mosdef/repo/repo.go:328.68,330.3 1 0
github.com/makeos/mosdef/repo/repo.go:336.83,339.16 2 0
github.com/makeos/mosdef/repo/repo.go:344.2,344.22 1 0
github.com/makeos/mosdef/repo/repo.go:348.2,348.22 1 0
github.com/makeos/mosdef/repo/repo.go:353.2,353.44 1 0
github.com/makeos/mosdef/repo/repo.go:358.2,359.16 2 0
github.com/makeos/mosdef/repo/repo.go:365.2,366.32 2 0
github.com/makeos/mosdef/repo/repo.go:384.2,384.23 1 0
github.com/makeos/mosdef/repo/repo.go:393.2,394.16 2 0
github.com/makeos/mosdef/repo/repo.go:397.2,401.16 3 0
github.com/makeos/mosdef/repo/repo.go:406.2,415.16 4 0
github.com/makeos/mosdef/repo/repo.go:420.2,424.16 3 0
github.com/makeos/mosdef/repo/repo.go:429.2,429.67 1 0
github.com/makeos/mosdef/repo/repo.go:433.2,435.12 2 0
github.com/makeos/mosdef/repo/repo.go:339.16,341.3 1 0
github.com/makeos/mosdef/repo/repo.go:344.22,346.3 1 0
github.com/makeos/mosdef/repo/repo.go:348.22,350.3 1 0
github.com/makeos/mosdef/repo/repo.go:353.44,355.3 1 0
github.com/makeos/mosdef/repo/repo.go:359.16,362.3 2 0
github.com/makeos/mosdef/repo/repo.go:366.32,368.17 2 0
github.com/makeos/mosdef/repo/repo.go:371.3,372.17 2 0
github.com/makeos/mosdef/repo/repo.go:375.3,377.42 3 0
github.com/makeos/mosdef/repo/repo.go:368.17,370.4 1 0
github.com/makeos/mosdef/repo/repo.go:372.17,374.4 1 0
github.com/makeos/mosdef/repo/repo.go:377.42,379.9 2 0
github.com/makeos/mosdef/repo/repo.go:384.23,386.17 2 0
github.com/makeos/mosdef/repo/repo.go:386.17,388.4 1 0
github.com/makeos/mosdef/repo/repo.go:394.16,396.3 1 0
github.com/makeos/mosdef/repo/repo.go:401.16,403.3 1 0
github.com/makeos/mosdef/repo/repo.go:415.16,417.3 1 0
github.com/makeos/mosdef/repo/repo.go:424.16,426.3 1 0
github.com/makeos/mosdef/repo/repo.go:429.67,431.3 1 0
github.com/makeos/mosdef/repo/repo.go:439.77,441.16 2 0
github.com/makeos/mosdef/repo/repo.go:444.2,444.21 1 0
github.com/makeos/mosdef/repo/repo.go:441.16,443.3 1 0
github.com/makeos/mosdef/repo/repo.go:452.108,456.44 2 0
github.com/makeos/mosdef/repo/repo.go:461.2,466.16 4 0
github.com/makeos/mosdef/repo/repo.go:469.2,472.67 2 0
github.com/makeos/mosdef/repo/repo.go:481.2,481.37 1 0
github.com/makeos/mosdef/repo/repo.go:456.44,458.3 1 0
github.com/makeos/mosdef/repo/repo.go:466.16,468.3 1 0
github.com/makeos/mosdef/repo/repo.go:472.67,474.17 2 0
github.com/makeos/mosdef/repo/repo.go:477.3,478.13 2 0
github.com/makeos/mosdef/repo/repo.go:474.17,476.4 1 0
github.com/makeos/mosdef/repo/repo.go:486.67,488.31 2 0
github.com/makeos/mosdef/repo/repo.go:499.2,499.21 1 0
github.com/makeos/mosdef/repo/repo.go:488.31,490.17 2 0
github.com/makeos/mosdef/repo/repo.go:493.3,494.44 2 0
github.com/makeos/mosdef/repo/repo.go:497.3,497.25 1 0
github.com/makeos/mosdef/repo/repo.go:490.17,491.14 1 0
github.com/makeos/mosdef/repo/repo.go:494.44,495.14 1 0
github.com/makeos/mosdef/repo/db_cache.go:34.79,36.16 2 2
github.com/makeos/mosdef/repo/db_cache.go:40.2,47.12 3 2
github.com/makeos/mosdef/repo/db_cache.go:53.2,53.21 1 2
github.com/makeos/mosdef/repo/db_cache.go:36.16,38.3 1 0
github.com/makeos/mosdef/repo/db_cache.go:47.12,48.22 1 2
github.com/makeos/mosdef/repo/db_cache.go:48.22,50.4 1 0
github.com/makeos/mosdef/repo/db_cache.go:60.64,63.53 2 0
github.com/makeos/mosdef/repo/db_cache.go:67.2,67.32 1 0
github.com/makeos/mosdef/repo/db_cache.go:74.2,75.63 2 0
github.com/makeos/mosdef/repo/db_cache.go:79.2,84.16 2 0
github.com/makeos/mosdef/repo/db_cache.go:63.53,65.3 1 0
github.com/makeos/mosdef/repo/db_cache.go:67.32,72.3 4 0
github.com/makeos/mosdef/repo/db_cache.go:75.63,77.3 1 0
github.com/makeos/mosdef/repo/db_cache.go:87.34,89.25 2 0
github.com/makeos/mosdef/repo/db_cache.go:89.25,91.80 2 0
github.com/makeos/mosdef/repo/db_cache.go:91.80,94.4 2 0
github.com/makeos/mosdef/repo/db_cache.go:99.27,100.35 1 0
github.com/makeos/mosdef/repo/db_cache.go:104.2,104.17 1 0
github.com/makeos/mosdef/repo/db_cache.go:100.35,103.3 2 0
github.com/makeos/mosdef/repo/manager.go:64.96,69.16 4 2
github.com/makeos/mosdef/repo/manager.go:73.2,89.12 4 2
github.com/makeos/mosdef/repo/manager.go:69.16,70.57 1 0
github.com/makeos/mosdef/repo/manager.go:93.42,95.2 1 0
github.com/makeos/mosdef/repo/manager.go:97.71,99.21 2 0
github.com/makeos/mosdef/repo/manager.go:102.2,102.26 1 0
github.com/makeos/mosdef/repo/manager.go:99.21,101.3 1 0
github.com/makeos/mosdef/repo/manager.go:106.33,113.12 5 0
github.com/makeos/mosdef/repo/manager.go:118.2,118.12 1 0
github.com/makeos/mosdef/repo/manager.go:113.12,116.3 2 0
github.com/makeos/mosdef/repo/manager.go:122.42,124.2 1 0
github.com/makeos/mosdef/repo/manager.go:127.44,129.2 1 0
github.com/makeos/mosdef/repo/manager.go:132.48,134.2 1 0
github.com/makeos/mosdef/repo/manager.go:137.38,139.2 1 0
github.com/makeos/mosdef/repo/manager.go:142.53,149.2 1 0
github.com/makeos/mosdef/repo/manager.go:152.67,159.40 2 0
github.com/makeos/mosdef/repo/manager.go:167.2,174.23 6 0
github.com/makeos/mosdef/repo/manager.go:184.2,185.16 2 0
github.com/makeos/mosdef/repo/manager.go:198.2,217.29 3 0
github.com/makeos/mosdef/repo/manager.go:239.2,239.29 1 0
github.com/makeos/mosdef/repo/manager.go:159.40,164.3 4 0
github.com/makeos/mosdef/repo/manager.go:174.23,181.3 3 0
github.com/makeos/mosdef/repo/manager.go:185.16,187.40 2 0
github.com/makeos/mosdef/repo/manager.go:190.3,195.9 3 0
github.com/makeos/mosdef/repo/manager.go:187.40,189.4 1 0
github.com/makeos/mosdef/repo/manager.go:217.29,222.55 4 0
github.com/makeos/mosdef/repo/manager.go:226.3,226.29 1 0
github.com/makeos/mosdef/repo/manager.go:231.3,232.17 2 0
github.com/makeos/mosdef/repo/manager.go:236.3,236.9 1 0
github.com/makeos/mosdef/repo/manager.go:222.55,223.12 1 0
github.com/makeos/mosdef/repo/manager.go:226.29,229.4 2 0
github.com/makeos/mosdef/repo/manager.go:232.17,234.4 1 0
github.com/makeos/mosdef/repo/manager.go:243.62,245.2 1 0
github.com/makeos/mosdef/repo/manager.go:248.70,250.2 1 0
github.com/makeos/mosdef/repo/manager.go:253.109,255.2 1 0
github.com/makeos/mosdef/repo/manager.go:260.100,263.51 2 0
github.com/makeos/mosdef/repo/manager.go:268.2,269.59 2 0
github.com/makeos/mosdef/repo/manager.go:294.2,296.3 1 0
github.com/makeos/mosdef/repo/manager.go:263.51,265.3 1 0
github.com/makeos/mosdef/repo/manager.go:269.59,271.53 2 0
github.com/makeos/mosdef/repo/manager.go:271.53,274.54 1 0
github.com/makeos/mosdef/repo/manager.go:280.4,280.57 1 0
github.com/makeos/mosdef/repo/manager.go:284.4,290.14 2 0
github.com/makeos/mosdef/repo/manager.go:274.54,276.5 1 0
github.com/makeos/mosdef/repo/manager.go:280.57,282.5 1 0
github.com/makeos/mosdef/repo/manager.go:301.53,303.2 1 0
github.com/makeos/mosdef/repo/manager.go:306.26,308.2 1 0
github.com/makeos/mosdef/repo/manager.go:311.58,314.16 2 2
github.com/makeos/mosdef/repo/manager.go:318.2,318.24 1 1
github.com/makeos/mosdef/repo/manager.go:322.2,324.16 3 0
github.com/makeos/mosdef/repo/manager.go:328.2,328.16 1 0
github.com/makeos/mosdef/repo/manager.go:314.16,316.3 1 1
github.com/makeos/mosdef/repo/manager.go:318.24,320.3 1 1
github.com/makeos/mosdef/repo/manager.go:324.16,326.3 1 0
github.com/makeos/mosdef/repo/manager.go:332.45,333.18 1 0
github.com/makeos/mosdef/repo/manager.go:333.18,337.3 3 0
github.com/makeos/mosdef/repo/push_hook.go:24.73,29.2 1 0
github.com/makeos/mosdef/repo/push_hook.go:32.39,38.16 3 0
github.com/makeos/mosdef/repo/push_hook.go:42.2,42.12 1 0
github.com/makeos/mosdef/repo/push_hook.go:38.16,40.3 1 0
github.com/makeos/mosdef/repo/push_hook.go:48.52,51.23 1 0
github.com/makeos/mosdef/repo/push_hook.go:55.2,60.44 3 0
github.com/makeos/mosdef/repo/push_hook.go:70.2,70.20 1 0
github.com/makeos/mosdef/repo/push_hook.go:77.2,78.25 2 0
github.com/makeos/mosdef/repo/push_hook.go:97.2,97.20 1 0
github.com/makeos/mosdef/repo/push_hook.go:102.2,110.36 2 0
github.com/makeos/mosdef/repo/push_hook.go:124.2,127.16 4 0
github.com/makeos/mosdef/repo/push_hook.go:134.2,134.57 1 0
github.com/makeos/mosdef/repo/push_hook.go:142.2,142.33 1 0
github.com/makeos/mosdef/repo/push_hook.go:152.2,152.12 1 0
github.com/makeos/mosdef/repo/push_hook.go:51.23,53.3 1 0
github.com/makeos/mosdef/repo/push_hook.go:60.44,62.25 2 0
github.com/makeos/mosdef/repo/push_hook.go:66.3,66.35 1 0
github.com/makeos/mosdef/repo/push_hook.go:62.25,64.12 2 0
github.com/makeos/mosdef/repo/push_hook.go:70.20,72.3 1 0
github.com/makeos/mosdef/repo/push_hook.go:78.25,79.37 1 0
github.com/makeos/mosdef/repo/push_hook.go:79.37,80.18 1 0
github.com/makeos/mosdef/repo/push_hook.go:84.4,84.31 1 0
github.com/makeos/mosdef/repo/push_hook.go:80.18,82.13 2 0
github.com/makeos/mosdef/repo/push_hook.go:84.31,89.10 3 0
github.com/makeos/mosdef/repo/push_hook.go:92.8,94.3 1 0
github.com/makeos/mosdef/repo/push_hook.go:97.20,99.3 1 0
github.com/makeos/mosdef/repo/push_hook.go:110.36,121.3 1 0
github.com/makeos/mosdef/repo/push_hook.go:127.16,129.3 1 0
github.com/makeos/mosdef/repo/push_hook.go:134.57,135.91 1 0
github.com/makeos/mosdef/repo/push_hook.go:138.3,138.13 1 0
github.com/makeos/mosdef/repo/push_hook.go:135.91,137.4 1 0
github.com/makeos/mosdef/repo/push_hook.go:142.33,146.70 4 0
github.com/makeos/mosdef/repo/push_hook.go:149.3,149.22 1 0
github.com/makeos/mosdef/repo/push_hook.go:146.70,147.12 1 0
github.com/makeos/mosdef/repo/push_hook.go:160.88,172.16 5 0
github.com/makeos/mosdef/repo/push_hook.go:178.2,180.41 3 0
github.com/makeos/mosdef/repo/push_hook.go:185.2,186.16 2 0
github.com/makeos/mosdef/repo/push_hook.go:194.2,195.16 2 0
github.com/makeos/mosdef/repo/push_hook.go:203.2,203.19 1 0
github.com/makeos/mosdef/repo/push_hook.go:207.2,207.21 1 0
github.com/makeos/mosdef/repo/push_hook.go:172.16,175.3 2 0
github.com/makeos/mosdef/repo/push_hook.go:180.41,182.3 1 0
github.com/makeos/mosdef/repo/push_hook.go:186.16,188.3 1 0
github.com/makeos/mosdef/repo/push_hook.go:195.16,197.3 1 0
github.com/makeos/mosdef/repo/push_hook.go:203.19,205.3 1 0
github.com/makeos/mosdef/repo/push_hook.go:215.97,216.33 1 0
github.com/makeos/mosdef/repo/push_hook.go:225.2,225.8 1 0
github.com/makeos/mosdef/repo/push_hook.go:216.33,218.69 2 0
github.com/makeos/mosdef/repo/push_hook.go:223.3,223.51 1 0
github.com/makeos/mosdef/repo/push_hook.go:218.69,219.54 1 0
github.com/makeos/mosdef/repo/push_hook.go:219.54,221.5 1 0
github.com/makeos/mosdef/repo/push_hook.go:234.33,235.27 1 0
github.com/makeos/mosdef/repo/push_hook.go:238.2,238.8 1 0
github.com/makeos/mosdef/repo/push_hook.go:235.27,237.3 1 0
