mode: atomic
github.com/makeos/mosdef/crypto/ed25519_key.go:51.40,55.17 2 20
github.com/makeos/mosdef/crypto/ed25519_key.go:60.2,61.16 2 20
github.com/makeos/mosdef/crypto/ed25519_key.go:65.2,68.8 1 20
github.com/makeos/mosdef/crypto/ed25519_key.go:55.17,57.3 1 18
github.com/makeos/mosdef/crypto/ed25519_key.go:61.16,63.3 1 0
github.com/makeos/mosdef/crypto/ed25519_key.go:73.39,77.2 3 1
github.com/makeos/mosdef/crypto/ed25519_key.go:80.42,82.2 1 1
github.com/makeos/mosdef/crypto/ed25519_key.go:85.56,87.16 2 4
github.com/makeos/mosdef/crypto/ed25519_key.go:90.2,90.25 1 4
github.com/makeos/mosdef/crypto/ed25519_key.go:87.16,89.3 1 0
github.com/makeos/mosdef/crypto/ed25519_key.go:94.31,97.2 2 1
github.com/makeos/mosdef/crypto/ed25519_key.go:100.34,102.2 1 3
github.com/makeos/mosdef/crypto/ed25519_key.go:105.32,109.2 1 11
github.com/makeos/mosdef/crypto/ed25519_key.go:112.34,114.2 1 6
github.com/makeos/mosdef/crypto/ed25519_key.go:117.42,118.21 1 7
github.com/makeos/mosdef/crypto/ed25519_key.go:121.2,121.50 1 6
github.com/makeos/mosdef/crypto/ed25519_key.go:118.21,120.3 1 1
github.com/makeos/mosdef/crypto/ed25519_key.go:125.37,126.21 1 0
github.com/makeos/mosdef/crypto/ed25519_key.go:129.2,130.16 2 0
github.com/makeos/mosdef/crypto/ed25519_key.go:133.2,133.11 1 0
github.com/makeos/mosdef/crypto/ed25519_key.go:126.21,127.41 1 0
github.com/makeos/mosdef/crypto/ed25519_key.go:130.16,131.13 1 0
github.com/makeos/mosdef/crypto/ed25519_key.go:137.31,140.2 2 0
github.com/makeos/mosdef/crypto/ed25519_key.go:143.34,146.2 2 1
github.com/makeos/mosdef/crypto/ed25519_key.go:149.57,151.2 1 2
github.com/makeos/mosdef/crypto/ed25519_key.go:154.37,169.2 8 4
github.com/makeos/mosdef/crypto/ed25519_key.go:172.43,173.22 1 3
github.com/makeos/mosdef/crypto/ed25519_key.go:176.2,176.52 1 2
github.com/makeos/mosdef/crypto/ed25519_key.go:173.22,175.3 1 1
github.com/makeos/mosdef/crypto/ed25519_key.go:180.45,185.16 5 1
github.com/makeos/mosdef/crypto/ed25519_key.go:189.2,190.29 2 1
github.com/makeos/mosdef/crypto/ed25519_key.go:185.16,187.3 1 0
github.com/makeos/mosdef/crypto/ed25519_key.go:194.35,197.2 2 1
github.com/makeos/mosdef/crypto/ed25519_key.go:200.53,202.2 1 3
github.com/makeos/mosdef/crypto/ed25519_key.go:205.37,206.16 1 7
github.com/makeos/mosdef/crypto/ed25519_key.go:210.2,211.16 2 5
github.com/makeos/mosdef/crypto/ed25519_key.go:215.2,215.23 1 4
github.com/makeos/mosdef/crypto/ed25519_key.go:219.2,219.25 1 3
github.com/makeos/mosdef/crypto/ed25519_key.go:223.2,223.12 1 2
github.com/makeos/mosdef/crypto/ed25519_key.go:206.16,208.3 1 2
github.com/makeos/mosdef/crypto/ed25519_key.go:211.16,213.3 1 1
github.com/makeos/mosdef/crypto/ed25519_key.go:215.23,217.3 1 1
github.com/makeos/mosdef/crypto/ed25519_key.go:219.25,221.3 1 1
github.com/makeos/mosdef/crypto/ed25519_key.go:227.49,229.2 1 5
github.com/makeos/mosdef/crypto/ed25519_key.go:233.48,237.42 2 2
github.com/makeos/mosdef/crypto/ed25519_key.go:241.2,242.16 2 1
github.com/makeos/mosdef/crypto/ed25519_key.go:246.2,248.15 2 1
github.com/makeos/mosdef/crypto/ed25519_key.go:237.42,239.3 1 1
github.com/makeos/mosdef/crypto/ed25519_key.go:242.16,244.3 1 0
github.com/makeos/mosdef/crypto/ed25519_key.go:252.52,257.16 3 2
github.com/makeos/mosdef/crypto/ed25519_key.go:261.2,263.15 2 2
github.com/makeos/mosdef/crypto/ed25519_key.go:257.16,259.3 1 0
github.com/makeos/mosdef/crypto/ed25519_key.go:267.41,269.18 1 7
github.com/makeos/mosdef/crypto/ed25519_key.go:273.2,274.16 2 6
github.com/makeos/mosdef/crypto/ed25519_key.go:278.2,278.27 1 4
github.com/makeos/mosdef/crypto/ed25519_key.go:282.2,282.12 1 2
github.com/makeos/mosdef/crypto/ed25519_key.go:269.18,271.3 1 1
github.com/makeos/mosdef/crypto/ed25519_key.go:274.16,276.3 1 2
github.com/makeos/mosdef/crypto/ed25519_key.go:278.27,280.3 1 2
github.com/makeos/mosdef/crypto/ed25519_key.go:286.43,288.19 1 7
github.com/makeos/mosdef/crypto/ed25519_key.go:292.2,293.16 2 6
github.com/makeos/mosdef/crypto/ed25519_key.go:297.2,297.28 1 4
github.com/makeos/mosdef/crypto/ed25519_key.go:301.2,301.12 1 2
github.com/makeos/mosdef/crypto/ed25519_key.go:288.19,290.3 1 1
github.com/makeos/mosdef/crypto/ed25519_key.go:293.16,295.3 1 2
github.com/makeos/mosdef/crypto/ed25519_key.go:297.28,299.3 1 2
github.com/makeos/mosdef/crypto/ed25519_key.go:305.51,307.42 1 3
github.com/makeos/mosdef/crypto/ed25519_key.go:311.2,313.16 3 1
github.com/makeos/mosdef/crypto/ed25519_key.go:317.2,319.8 1 1
github.com/makeos/mosdef/crypto/ed25519_key.go:307.42,309.3 1 2
github.com/makeos/mosdef/crypto/ed25519_key.go:313.16,315.3 1 0
github.com/makeos/mosdef/crypto/ed25519_key.go:323.50,325.16 2 1
github.com/makeos/mosdef/crypto/ed25519_key.go:329.2,331.8 1 1
github.com/makeos/mosdef/crypto/ed25519_key.go:325.16,327.3 1 0
github.com/makeos/mosdef/crypto/ed25519_key.go:335.53,337.43 1 3
github.com/makeos/mosdef/crypto/ed25519_key.go:341.2,343.16 3 1
github.com/makeos/mosdef/crypto/ed25519_key.go:347.2,349.8 1 1
github.com/makeos/mosdef/crypto/ed25519_key.go:337.43,339.3 1 2
github.com/makeos/mosdef/crypto/ed25519_key.go:343.16,345.3 1 0
github.com/makeos/mosdef/crypto/ed25519_key.go:353.54,355.16 2 2
github.com/makeos/mosdef/crypto/ed25519_key.go:359.2,361.8 1 2
github.com/makeos/mosdef/crypto/ed25519_key.go:355.16,357.3 1 0
github.com/makeos/mosdef/crypto/extension.go:17.45,20.16 3 1
github.com/makeos/mosdef/crypto/extension.go:23.2,23.35 1 1
github.com/makeos/mosdef/crypto/extension.go:20.16,22.3 1 0
github.com/makeos/mosdef/crypto/gpg.go:19.66,21.16 2 4
github.com/makeos/mosdef/crypto/gpg.go:24.2,24.25 1 3
github.com/makeos/mosdef/crypto/gpg.go:21.16,23.3 1 1
github.com/makeos/mosdef/crypto/gpg.go:30.89,35.19 2 3
github.com/makeos/mosdef/crypto/gpg.go:40.2,41.16 2 3
github.com/makeos/mosdef/crypto/gpg.go:47.2,47.18 1 2
github.com/makeos/mosdef/crypto/gpg.go:52.2,53.16 2 1
github.com/makeos/mosdef/crypto/gpg.go:57.2,57.25 1 1
github.com/makeos/mosdef/crypto/gpg.go:35.19,38.3 2 1
github.com/makeos/mosdef/crypto/gpg.go:41.16,44.3 1 1
github.com/makeos/mosdef/crypto/gpg.go:47.18,49.3 1 1
github.com/makeos/mosdef/crypto/gpg.go:53.16,55.3 1 0
github.com/makeos/mosdef/crypto/gpg.go:64.93,68.16 3 2
github.com/makeos/mosdef/crypto/gpg.go:74.2,76.16 3 2
github.com/makeos/mosdef/crypto/gpg.go:80.2,86.16 6 1
github.com/makeos/mosdef/crypto/gpg.go:90.2,90.18 1 1
github.com/makeos/mosdef/crypto/gpg.go:68.16,70.3 1 0
github.com/makeos/mosdef/crypto/gpg.go:70.8,70.48 1 2
github.com/makeos/mosdef/crypto/gpg.go:70.48,72.3 1 0
github.com/makeos/mosdef/crypto/gpg.go:76.16,78.3 1 1
github.com/makeos/mosdef/crypto/gpg.go:86.16,88.3 1 0
